2018-04-05 23:37:34,832 INFO oppo与vivo两家公司有什么关系和差别？	https://www.toutiao.com/group/6525336567018422536/	-1
2018-04-05 23:37:34,833 INFO 方大化工改名“航锦科技”，新东家和“方大系”划清界限	https://www.toutiao.com/group/6540955039240815112/	['方大集团', '方大炭素', '方大化工', '方大特钢', '方威']
2018-04-05 23:37:34,833 INFO 李嘉诚最暴利的千亿大交易	https://www.toutiao.com/group/6539853398005514755/	['李嘉诚', '霍建宁', '沃达丰', '李兆基', '恒基地产']
2018-04-05 23:37:34,833 INFO 用奢侈品给女生们讲金融，瞬间秒懂！	https://www.toutiao.com/group/6533309817811894792/	['奢侈品', '金融', '爱马仕', '芬迪', '圣罗兰']
2018-04-05 23:37:34,834 INFO 江苏省经济有多发达？	https://www.toutiao.com/group/6540814245347459341/	-1
2018-04-05 23:37:34,834 INFO 中国公布对美贸易反制措施 官方释疑七大焦点	https://www.toutiao.com/group/6540646975149179405/	['朱光耀', '美国', '外汇', '法律', '国债']
2018-04-05 23:37:34,834 INFO 投资建议：7类股票不要买	https://www.toutiao.com/group/6539647001275925005/	['基金', '沪指', '投资', '巴菲特', '股票']
2018-04-05 23:37:36,340 INFO 什么是内盘外盘？怎么看内盘外盘？	https://www.toutiao.com/group/6540918645952872707/	-1
2018-04-05 23:37:36,340 INFO 个人没有商户，怎么办理pos机？	https://www.toutiao.com/group/6540819149612908803/	-1
2018-04-05 23:37:36,340 INFO 华人家庭砸千万美金对抗美国政府不公指控 终胜诉	https://www.toutiao.com/group/6525707473213456903/	['法律', '美国', '美国银行', '金融', '经济']
2018-04-05 23:37:36,341 INFO 中美贸易摩擦，24小时大反转！	https://www.toutiao.com/group/6540935621123244547/	['期货', '美国', '国外宏观', '宏观经济', '财经']
2018-04-05 23:37:36,341 INFO 小企业欠巨债之后……	https://www.toutiao.com/group/6540780229646877191/	['购房', '投资', '美国', '经济', '装修']
2018-04-05 23:37:36,341 INFO 面对暴力催收应该如何拿起法律武器保障个人权益？	https://www.toutiao.com/group/6511305322324295943/	['信用卡', '法律', '社会']
2018-04-05 23:37:36,341 INFO 中国能离得开美国农产品吗？这些国家争当替补	https://www.toutiao.com/group/6540914006599664141/	['三农', '美国', '农产品', '大豆', '种植业']
2018-04-05 23:37:37,834 INFO 97年，金融危机时候，索罗斯如何做空泰铢的？	https://www.toutiao.com/group/6540719062048047364/	-1
2018-04-05 23:37:37,834 INFO 装备永久保值，适合散人长期耐玩，重温2003的激情	https://www.toutiao.comhttp://www.gdxxb.com/97616	广告
2018-04-05 23:37:37,835 INFO 江西峡江：“猪倌”转型种菌菇增收致富	https://www.toutiao.com/group/6535935996901458435/	['畜牧业', '鸡肉丝菇', '种植业', '农业', '三农']
2018-04-05 23:37:37,835 INFO 孙春兰会见泰国公主诗琳通	https://www.toutiao.com/group/6540860796929311236/	['诗琳通公主', '孙春兰', '泰国', '财经']
2018-04-05 23:37:37,835 INFO 5000万存银行，一年利息够不够花呢？	https://www.toutiao.com/group/6540973836412649735/	-1
2018-04-05 23:37:37,835 INFO 新股申购有没有什么秘诀能够增加中签率？	https://www.toutiao.com/group/6468554887742357774/	['IPO', '文章', '数学', '财经']
2018-04-05 23:37:37,835 INFO 京城四少汪小菲深夜发文，感叹创业真的不容易	https://www.toutiao.com/group/6516073692168978958/	['创业', '汪小菲', '徐熙媛', '俏江南', '投资']
2018-04-05 23:37:39,358 INFO 中国为什么从美国进口大豆？	https://www.toutiao.com/group/6540675469455393294/	['大豆', '美国', '饲料', '畜牧业', '农业']
2018-04-05 23:37:39,359 INFO 马化腾推动摩拜并入美团，如何评价目前腾讯与滴滴的关系？	https://www.toutiao.com/group/6540777796950556936/	-1
2018-04-05 23:37:39,359 INFO 当你老了，谁来养老？看看海外都咋做的	https://www.toutiao.com/group/6534324518645662221/	['投资', '基金', '美国', '公募', '财经']
2018-04-05 23:37:39,359 INFO 为什么说菜籽油是中国的“国油之王”？	https://www.toutiao.com/group/6532624782184153604/	['葵花籽', '大豆', '亚麻油', '高血压', '财经']
2018-04-05 23:37:39,359 INFO 美媒：中国科技的进步速度“令人窒息”	https://www.toutiao.com/group/6513927383421026824/	['美国', '经济', '大学', '萨缪尔森', '人工智能']
2018-04-05 23:37:39,360 INFO 周大福、周大发、周生生、周六福，为什么中国的珠宝品牌都姓周？	https://www.toutiao.com/group/6464422901096382733/	['珠宝', '周大福', '周生生', '郑裕彤', '郑家纯']
2018-04-05 23:37:39,360 INFO 信用卡逾期，银行会报案抓人吗？	https://www.toutiao.com/group/6482987420970123533/	['信用卡', '交通银行', '银行', '财经']
2018-04-05 23:37:40,840 INFO 今日不容错过的新闻一瞬间	https://www.toutiao.com/group/6540875008523108872/	['美国', '期货', '波音', '国外宏观', '宏观经济']
2018-04-05 23:37:40,841 INFO 一口气将董明珠注册45类商标:格力电器想干啥	https://www.toutiao.com/group/6538540350338761223/	['董明珠', '格力', '空调', '投资', '科技']
2018-04-05 23:37:40,841 INFO 什么样的矿山才是世界级矿山？全球优质好矿，中国占了几个？	https://www.toutiao.com/group/6534484717306118670/	['中国铝业', '紫金矿业', '五矿', '铁矿石', '栾川钼业']
2018-04-05 23:37:40,841 INFO 退休后退休工资是按缴纳地领取还是按户口所在地领取？	https://www.toutiao.com/group/6540967106391834888/	-1
2018-04-05 23:37:40,842 INFO 信用卡内部审核，是否批卡银行只看这几点！	https://www.toutiao.com/group/6519753225363522051/	['信用卡', '租房', '财经']
2018-04-05 23:37:40,842 INFO 微信支付上线升级机制 应对500元扫码限额新规	https://www.toutiao.com/group/6540804283032404488/	['移动支付', '微信', '支付宝', '移动互联网', '中国人民银行']
2018-04-05 23:37:40,842 INFO 网贷借出去的钱怎么催回来？	https://www.toutiao.com/group/6540601214432706823/	-1
2018-04-05 23:37:42,272 INFO 信用卡卡奴不为人知的痛	https://www.toutiao.com/group/6529742057525740039/	['信用卡', '财经']
2018-04-05 23:37:42,273 INFO 中美刚开始“接火”，韩国就心慌了：大哥动手，小弟遭殃！	https://www.toutiao.com/group/6540834226403541508/	['韩国', '经济', '美国', '亚洲', '现代集团']
2018-04-05 23:37:42,273 INFO 售价创新低 3.58万元的宝骏了解一下 它可比510省油多了	https://www.toutiao.com/group/6540955353356435971/	['国产车', '宝骏汽车', '新能源汽车', '上汽通用五菱', '电动汽车']
2018-04-05 23:37:42,273 INFO 中国医药创新迎黄金时期，资本布局生物医药“独角兽”	https://www.toutiao.com/group/6539510789257036292/	['药品', '中国医药', '投资', '生物技术', '强生公司']
2018-04-05 23:37:42,273 INFO 人去世了，银行和支付宝中存有一笔钱，但是家人不知道，这笔钱会怎么处理？	https://www.toutiao.com/group/6489189091983229198/	['支付宝', '基金', '法律', '中国人民银行', '财付通']
2018-04-05 23:37:42,274 INFO 巴林称发现储量800亿桶大油田	https://www.toutiao.com/group/6540803185852809731/	['能源', '石油', '谢赫', '国际']
2018-04-05 23:37:42,274 INFO 潜伏股票池（4月9日），潜伏二线蓝筹、MSCI，一带一路和能源股票	https://www.toutiao.com/group/6540827961933693448/	['新能源', '次新股', '能源', '经济', '国企改革']
2018-04-05 23:37:43,761 INFO 富德生命人寿深陷亏损泥潭 投资眼光差持股亏损或超200亿元	https://www.toutiao.com/group/6539790105748439565/	[' 生命人寿', '人寿保险', '投资', '北京文化', '蓝筹股']
2018-04-05 23:37:43,762 INFO 微信支付接入银联，支付市场又增变局？	https://www.toutiao.com/group/6540791535858876932/	['移动支付', '银联', '微信', '支付宝', '移动互联网']
2018-04-05 23:37:43,762 INFO Windows部门裁撤，43岁的微软完成“大手术”	https://www.toutiao.com/group/6540836287891374595/	['微软', '萨提亚·纳德拉', 'Windows', 'Windows 10', '人工智能']
2018-04-05 23:37:43,762 INFO 年纪34，存款大约50万，不想上班了，未来的生活怎么办？	https://www.toutiao.com/group/6446559638140748045/	['P2P理财', '财经']
2018-04-05 23:37:43,762 INFO 复利的威力到底有多大？	https://www.toutiao.com/group/6478431463262912782/	['投资', '巴菲特', '威力', '巴郡公司', '李嘉诚']
2018-04-05 23:37:43,763 INFO 清明A股大变脸 节后重点布局中国制造2025！	https://www.toutiao.com/group/6540863121693606408/	['美股', '清明节', '机器人', '期货', '新能源']
2018-04-05 23:37:43,763 INFO 高学历也被洗脑，“消费返利”等七大网络传销曝光	https://www.toutiao.com/group/6540631108533355011/	['传销', '投资', '金融', '慈善', '经济']
2018-04-05 23:37:45,281 INFO 多地春耕遇“肥贵”，种粮户犯愁！“肥荒”真正原因是什么？	https://www.toutiao.com/group/6539801280238322179/	['农民', '种植业', '农资', '三农', '农业']
2018-04-05 23:37:45,281 INFO 阿里巴巴"吃下"饿了么，补全最后三公里配送网络	https://www.toutiao.com/group/6540911487823643140/	['电子商务', '饿了么', '百度外卖', '蚂蚁金服', '张勇']
2018-04-05 23:37:45,282 INFO 中铁建有多少个局？	https://www.toutiao.com/group/6497199730282463501/	['中国铁建', '蓝筹股', '财经']
2018-04-05 23:37:45,282 INFO 马云雷军的风头不好抢哦！  ——有实力诚意的企业家才能笑到最后	https://www.toutiao.com/group/6540861423034040840/	['创业', '电子商务', '马云', '雷军', '法律']
2018-04-05 23:37:45,282 INFO 中美贸易摩擦｜从战云密布到柳暗花明，全球股市应声上涨	https://www.toutiao.com/group/6540964353204552199/	['中美关系', '美国', '经济', '种植业', '大豆']
2018-04-05 23:37:45,282 INFO 央视播出四版币退市，出现了市民疯抢、币商直接下架的场景，如何理性对待四版币收藏？	https://www.toutiao.com/group/6539095870036508935/	-1
2018-04-05 23:37:45,283 INFO 干货：玩转股票的口诀（上篇）	https://www.toutiao.com/group/6536905226098573831/	['股票', '投资', '财经']
2018-04-05 23:37:46,777 INFO 中国吹响贸易反击号角后 这是美国企业、机构、政界“众生相”	https://www.toutiao.com/group/6540965649097687560/	['美国', '经济', '美股', '中美关系', '大豆']
2018-04-05 23:37:46,778 INFO 每年交1000元养老险，15年后满60岁，一个月能领多少养老金？	https://www.toutiao.com/group/6490539723122016525/	['社会保险', '养老保险', '民生', '社会']
2018-04-05 23:37:46,778 INFO 还有五年退休目前养老金账户余额80万，退休后一个月多少钱？	https://www.toutiao.com/group/6529801020757770504/	-1
2018-04-05 23:37:46,778 INFO 说好的清明鸡蛋涨价呢？为啥不涨反跌？	https://www.toutiao.com/group/6540910719594922499/	['畜牧业', '清明节', '农民', '养猪', '养羊']
2018-04-05 23:37:46,778 INFO 李嘉诚的财富我们无法想象	https://www.toutiao.com/group/6525929655361339907/	['李嘉诚', '马云', '电子商务', '投资', '亚洲']
2018-04-05 23:37:46,778 INFO 一次性往银行存200万，会有人查吗？	https://www.toutiao.com/group/6531987159430201608/	-1
2018-04-05 23:37:46,779 INFO 学会如何像富人一样思考	https://www.toutiao.com/group/6534771821399507463/	['投资', '富爸爸穷爸爸', '家具', '财经']
2018-04-05 23:37:48,297 INFO 澳门典当行的手表靠谱吗？	https://www.toutiao.com/group/6503473007158100238/	['腕表', '黄金']
2018-04-05 23:37:48,297 INFO 月薪过万的90后，大部分都是做什么的？	https://www.toutiao.com/group/6531173503192793347/	-1
2018-04-05 23:37:48,297 INFO 特朗普首席经济顾问：预计美国将与中国达成贸易协议	https://www.toutiao.com/group/6540951917093192199/	['美股', '美国', '经济', '中美关系', '崔天凯']
2018-04-05 23:37:48,297 INFO 特写 | 比特币暴跌下绝望的韩国千禧一代	https://www.toutiao.com/group/6540656967633863171/	['数字货币', '比特币', '韩国', '投资', '经济']
2018-04-05 23:37:48,297 INFO 创业者34岁的坎：马云、刘强东、史玉柱是怎样度过的？	https://www.toutiao.com/group/6540819802712179203/	['创业', '史玉柱', '马云', '刘强东', '茅侃侃']
2018-04-05 23:37:48,297 INFO 第四套人民币5月起停止流通，有必要去银行兑换吗，有没有收藏价值？	https://www.toutiao.com/group/6535984704565281038/	-1
2018-04-05 23:37:48,297 INFO 孙宏斌，倒在新经济大门口的时代老兵	https://www.toutiao.com/group/6540842190019494404/	['孙宏斌', '柳传志', '乐视', '王石', '贾跃亭']
2018-04-05 23:37:49,774 INFO 扫地机器人实用吗？	https://www.toutiao.com/group/6499667438165033229/	['机器人', '扫地机器人', 'iRobot', '飞利浦', '胡里奥·科沃斯']
2018-04-05 23:37:49,774 INFO 为什么很多香港台湾的艺人一旦上了年纪之后就生活窘迫？	https://www.toutiao.com/group/6538645718360391944/	-1
2018-04-05 23:37:49,774 INFO 刘煜辉再谈中美贸易战：过去40年全球化面临清算，中国将从四个方向着手应对	https://www.toutiao.com/group/6540835041260339725/	['美国', '投资', 'iPhone', '经济', '金融']
2018-04-05 23:37:49,774 INFO 找工作的宝宝们注意了！“五险一金”将变成“六险二金”！	https://www.toutiao.com/group/6512662721589150216/	['社会保险', '养老保险', '生育保险', '失业保险', '人力资源']
2018-04-05 23:37:49,775 INFO 祭奠期货路上离我们远去的那些先烈们｜清明专题	https://www.toutiao.com/group/6540847692975702535/	['期货', '清明节', '利弗莫尔', '投资', '白银']
2018-04-05 23:37:49,775 INFO 4月8日起，银行房贷上浮20%，这是真的吗？	https://www.toutiao.com/group/6540760233898148109/	-1
2018-04-05 23:37:49,775 INFO 为什么那么多人认为保险是骗人的？	https://www.toutiao.com/group/6540938297001115918/	-1
2018-04-05 23:37:51,257 INFO 走单边不拐弯，一个单边走三年！上涨股票100只（4月9日）	https://www.toutiao.com/group/6540801054668227079/	['蓝筹股', '次新股', '能源', '新能源', '新疆浩源']
2018-04-05 23:37:51,257 INFO 如今不想打工，快四十岁的人做什么生意好？	https://www.toutiao.com/group/6537790519911645454/	-1
2018-04-05 23:37:51,257 INFO 中国向世贸组织起诉美国232措施 商务部发表谈话	https://www.toutiao.com/group/6540927556198072840/	['法律', '美国']
2018-04-05 23:37:51,257 INFO 马云用10年时间验证了银行是可以被改变的	https://www.toutiao.com/group/6540858097710137863/	['移动支付', '支付宝', '马云', '金融', '移动互联网']
2018-04-05 23:37:51,258 INFO 宁德时代IPO顺利过会 独角兽携手“云计算第一股”登上A股舞台	https://www.toutiao.com/group/6540763177506832899/	['IPO', '云计算', '中信建投证券', '蓝筹股', '中信银行']
2018-04-05 23:37:51,258 INFO 支付宝借呗借一万，每个月要还多少？	https://www.toutiao.com/group/6540760095574196484/	-1
2018-04-05 23:37:51,258 INFO 33岁还在捡破烂，46岁成了亿万富翁，这个圆通快递人的逆袭对我们有什么启示？	https://www.toutiao.com/group/6538943047588118792/	-1
2018-04-05 23:37:52,770 INFO 我是一名房产中介，现在半年没开单了，还要坚持下去吗？	https://www.toutiao.com/group/6469266989519995150/	['二手房', '金融', '期货', '市场营销', '房产']
2018-04-05 23:37:52,771 INFO 谁来接盘安邦？BATJ？还是大型民企抱团？	https://www.toutiao.com/group/6540760564077953543/	['安邦保险', '基金', '投资', '汇金公司', '新华保险']
2018-04-05 23:37:52,771 INFO 股票如果被套了，最快的解套方法是什么？	https://www.toutiao.com/group/6540578897132519694/	-1
2018-04-05 23:37:52,771 INFO 房贷提前还款，违约金怎么算？	https://www.toutiao.com/group/6437416109829259522/	['购房', '建设银行', '工商银行', '交通银行', '法律']
2018-04-05 23:37:52,771 INFO 半年开出100家店，精准服务90后加盟商，她做了这2个关键动作	https://www.toutiao.com/group/6535655018920411652/	['创业', '市场营销', '财经']
2018-04-05 23:37:52,772 INFO 中美强硬试探对方底牌：沙盘推演未来战况及影响	https://www.toutiao.com/group/6540818246201770499/	['经济', '中美关系', '汇率', '投资', '外汇']
2018-04-05 23:37:52,772 INFO 广西首富冯小华：甘蔗造糖，蔗渣造纸，他的甜蜜事业价值75亿	https://www.toutiao.com/group/6530891240311882254/	['造纸', '甘蔗', '种植业', '农业', '经济']
2018-04-05 23:37:54,355 INFO 保本型银行理财或将成为历史，你可以选择它来代替	https://www.toutiao.com/group/6534462449007985159/	['个人理财', '投资', '金融', '银行业', '理财']
2018-04-05 23:37:54,355 INFO 如果信用卡连续每个月都刷了大额，会惊动银行吗？ ？	https://www.toutiao.com/group/6497119193748472078/	['信用卡', '蚊子', '财经']
2018-04-05 23:37:54,356 INFO 都是传奇，但我们不一样，一个你从未尝试过的单职业	https://www.toutiao.comhttp://www.gdxxb.com/97765	广告
2018-04-05 23:37:54,356 INFO 汕头和湛江哪个综合实力更强？	https://www.toutiao.com/group/6471232846450131213/	['经济', '财经']
2018-04-05 23:37:54,356 INFO 三问摩拜“卖身”：被贱卖？利益相关方的合谋？AT竞争的牺牲品？	https://www.toutiao.com/group/6540776846961672712/	['移动互联网', '美团网', '王兴', '滴滴打车', '投资']
2018-04-05 23:37:54,356 INFO 如何看中国四大互联网公司市值超四大银行4083亿	https://www.toutiao.com/group/6540768736264061447/	['蓝筹股', '工商银行', '美国', '亚当·斯密', '经济']
2018-04-05 23:37:54,356 INFO 家有古钱币想出手，上哪里交易？	https://www.toutiao.com/group/6496361802320838926/	['钱币', '电子商务', '收藏']
2018-04-05 23:37:55,838 INFO 美国大豆协会：中国向大豆征税会给美豆农毁灭性影响	https://www.toutiao.com/group/6540850378538222094/	['种植业', '美国', '大豆', '三农', '投资']
2018-04-05 23:37:55,839 INFO 为什么一个国家不能无限印钞票来让自己有钱，购买更多国外资源以及进行本国建设？	https://www.toutiao.com/group/6540789539273703683/	-1
2018-04-05 23:37:55,839 INFO 图解：关于中美贸易摩擦，海外专家有话说	https://www.toutiao.com/group/6540870515907625476/	-1
2018-04-05 23:37:55,839 INFO 承德露露：从“现金奶牛”沦为资本工具？	https://www.toutiao.com/group/6540800437715468814/	['承德露露', '投资', '三农', '农村', '杏仁茶']
2018-04-05 23:37:55,839 INFO “央视最帅主持人”赵普去哪里了？	https://www.toutiao.com/group/6535285748386496772/	-1
2018-04-05 23:37:55,840 INFO 给你一吨黄金或者一吨百元人民币，二选一的话，你选哪个？	https://www.toutiao.com/group/6540851550330290435/	-1
2018-04-05 23:37:55,840 INFO 66秒|买车贷款押金久拖不退 见媒体介入4s店当日退还	https://www.toutiao.com/group/6540859051163533838/	['汽车']
2018-04-05 23:37:57,302 INFO 如果全世界的美元都回流到美国会发生什么？	https://www.toutiao.com/group/6540796193209843982/	-1
2018-04-05 23:37:57,302 INFO 2018年，在建行存10万元，三年的利息是多少？	https://www.toutiao.com/group/6533130528659341582/	-1
2018-04-05 23:37:57,302 INFO 最近余额宝猛涨释放什么信号？	https://www.toutiao.com/group/6431802310438945025/	['基金', '中国人民银行', '金融', '美国', '宏观经济']
2018-04-05 23:37:57,303 INFO 星空琴行创始人周楷程依旧失联，自述为何选择“消失”？	https://www.toutiao.com/group/6540159222271705347/	-1
2018-04-05 23:37:57,303 INFO 遭证监会立案调查 股价77天暴跌70%！已无韭菜可割！	https://www.toutiao.com/group/6540416684224676366/	['圣莱达', '韭菜', '深交所', '覃辉', '股票']
2018-04-05 23:37:58,769 INFO 中国最“低调”的县城：人均存款第一，房价第一，外汇第一	https://www.toutiao.com/group/6540494476551389703/	['购房', '外汇', '瓯江', '金融', '文物']
2018-04-05 23:37:58,770 INFO 据说腾讯的服务器在美国，是真的吗？	https://www.toutiao.com/group/6476220478099816717/	['信息安全', '腾讯云计算', '马化腾', '宗庆后', '杨元庆']
2018-04-05 23:37:58,770 INFO 一斤两块五的青菜人都买的吃，为什么两块五的股票没人买呢？	https://www.toutiao.com/group/6533716812083757320/	-1
2018-04-05 23:37:58,770 INFO 美国人花一美元和我们花一人民币的感觉一样吗？	https://www.toutiao.com/group/6487705045109309710/	['美国', 'NBA', '硅谷', '财经']
2018-04-05 23:37:58,771 INFO 荐读｜你家房子值不值钱？看这六点就知道了	https://www.toutiao.com/group/6518139534314570248/	['购房', '投资', '经济', '交通', '幼儿园']
2018-04-05 23:37:58,771 INFO 中国强力反击美国“加征关税”！最全受影响A股名单请收好！	https://www.toutiao.com/group/6540569987327721987/	['蓝筹股', '美国', '安洁科技', '天邦股份', '京东方']
2018-04-05 23:38:00,296 INFO 信用卡全额还款也会影响提额！	https://www.toutiao.com/group/6520117341328507405/	['信用卡', '银行', '招商银行', '金融', '财经']
2018-04-05 23:38:00,297 INFO 8张信用卡目前总欠款73000，总额度155000，该怎么养卡？	https://www.toutiao.com/group/6540628497881104643/	-1
2018-04-05 23:38:00,297 INFO “榨菜界茅台”是这样炼成的！并购屡屡遇阻，未来如何打破天花板？	https://www.toutiao.com/group/6540868572153905678/	['榨菜', '茅台', '涪陵榨菜', '蓝筹股', '腌菜']
2018-04-05 23:38:00,297 INFO 详解美团收摩拜、阿里收饿了么、滴滴推外卖，中国互联网进入生态之战……	https://www.toutiao.com/group/6540567916130075139/	['移动互联网', '美团网', '滴滴打车', '饿了么', '自行车']
2018-04-05 23:38:00,297 INFO 花有重开日，人无再少年！多少人的青春和血汗荒废在股市？	https://www.toutiao.com/group/6540974592020709902/	['朋友圈', '投资', '大学', '巴菲特', '财经']
2018-04-05 23:38:00,297 INFO 买房最好买多少平米的？	https://www.toutiao.com/group/6518234249072476419/	['购房', '需求分析', '数据结构', '大数据', '房产']
2018-04-05 23:38:00,297 INFO 3天踏青小长假游玩攻略新鲜出炉！	https://www.toutiao.comhttp://ad.toutiao.com/tetris/page/1596602122484739/?ad_id=93584932136&cid=93585000802&req_id=20180405233754010006024169457149	广告
2018-04-05 23:38:01,770 INFO 中国正式亮剑直指美国“七寸” 让美方一改咄咄逼人态势	https://www.toutiao.com/group/6540916996186309134/	['美国', '经济', 'Twitter', '国外宏观', '宏观经济']
2018-04-05 23:38:01,770 INFO 为什么美联储不属于美国政府？	https://www.toutiao.com/group/6459874117007966478/	['银行', '美国', '美国银行', '国债', '经济']
2018-04-05 23:38:01,771 INFO 港媒：博鳌论坛将展示中国开放宏图	https://www.toutiao.com/group/6540793595517993479/	['王毅', '亚洲', '李显龙', '经济', '蒙古']
2018-04-05 23:38:01,771 INFO 逃顶实战信号，三个信号让你快速逃顶！	https://www.toutiao.com/group/6540646526811636231/	['投资', '股票', '财经']
2018-04-05 23:38:01,771 INFO 上汽集团一天赚一亿，北汽集团利润全靠奔驰贡献	https://www.toutiao.com/group/6540806401491485192/	['国产车', '上汽集团', '上汽通用五菱', '广汽集团', '奔驰']
2018-04-05 23:38:01,771 INFO 香港与澳门都有哪些银行发行的货币？	https://www.toutiao.com/group/6491903692034277645/	['银行', '汇丰银行', '渣打银行', '外汇', '汇率']
2018-04-05 23:38:01,771 INFO 你为什么不爱喝可乐了？	https://www.toutiao.com/group/6540835185326293512/	['可口可乐', '汽水', '糖尿病', '百事可乐', '肥胖症']
2018-04-05 23:38:03,265 INFO 美团和滴滴，“伪巨头”的互相伤害	https://www.toutiao.com/group/6540636009258811918/	['移动互联网', '美团网', '滴滴打车', '创业', 'Google']
2018-04-05 23:38:03,265 INFO 邮政银行打电话让我去办了一张金卡，快一年了一次也没用过。会不会扣年费？	https://www.toutiao.com/group/6425374056630976770/	['金融', '保险', '中国人民银行', '失业保险', '银行业']
2018-04-05 23:38:03,265 INFO 中方贸易反击超预期，美国阵脚有点乱了	https://www.toutiao.com/group/6540897356357829128/	['美股', '美国', '期指', '期货', '金融']
2018-04-05 23:38:03,265 INFO 融创手握近千亿现金，孙宏斌今年的目标是控制风险降杠杆	https://www.toutiao.com/group/6540788088791106055/	['孙宏斌', '投资', '碧桂园', '乐视', '广州恒大']
2018-04-05 23:38:03,265 INFO 国产C919叫板世界最大飞机安-225，已获730架订单	https://www.toutiao.com/group/6540781842671337991/	['中国商用飞机', '波音', '空中客车', '航空', '运输机']
2018-04-05 23:38:03,265 INFO 10年后1万元相当于现在多少钱？	https://www.toutiao.com/group/6538675824621519117/	-1
2018-04-05 23:38:03,265 INFO 菜鸟物流估值超过1300亿？马云身价暴涨，阿里成为最大的赢家	https://www.toutiao.com/group/6539077197687161347/	['电子商务', '马云', '投资', '京东', '创业']
2018-04-05 23:38:04,732 INFO 想学艺术的看过来，参加艺考应该准备什么？	https://www.toutiao.comhttp://ad.toutiao.com/tetris/page/1596271086442499/?ad_id=93392094890&cid=93392125321&req_id=20180405233758010010066032958DC7	广告
2018-04-05 23:38:04,733 INFO 这一次美联邦发债卖得出去吗？	https://www.toutiao.com/group/6540522910816141581/	-1
2018-04-05 23:38:04,733 INFO 伊利：谣言案已有6名嫌疑人被控制	https://www.toutiao.com/group/6540678591359746573/	['伊利集团', '潘刚', '法律', '小说', '蓝筹股']
2018-04-05 23:38:04,733 INFO 如今，新能源品牌大乱入！可最令人担忧的问题好像还没解决？	https://www.toutiao.com/group/6540528599869424142/	['新能源', '能源', '新能源汽车', '电动汽车', '二手车']
2018-04-05 23:38:04,733 INFO 摩拜改姓王，接下来美团要用自行车送外卖吗?	https://www.toutiao.com/group/6540495438003307015/	['移动互联网', '美团网', '滴滴打车', '王兴', '投资']
2018-04-05 23:38:04,733 INFO 柬埔寨房产值得投资吗？	https://www.toutiao.com/group/6540512471717773572/	-1
2018-04-05 23:38:04,734 INFO 没有单位的人，个人缴纳社保是否合算？	https://www.toutiao.com/group/6533457374710071566/	-1
2018-04-05 23:38:06,199 INFO 和力辰光终止IPO 精明商人郭敬明“小时代”资本梦碎	https://www.toutiao.com/group/6540848832677151239/	['IPO', '小时代', '郭敬明', '乐视', '天眼']
2018-04-05 23:38:06,199 INFO 美团收购摩拜的秘密，居然藏在乌镇“东兴饭局”的菜单里	https://www.toutiao.com/group/6540490926119191043/	['移动互联网', '美团网', '马化腾', '王兴', '创业']
2018-04-05 23:38:06,199 INFO 都是草根创业，凭什么说朱元璋得位最正？	https://www.toutiao.com/group/6529849007856943619/	['明朝', '朱元璋', '陈友谅', '中国古代史', '中国历史']
2018-04-05 23:38:06,199 INFO 股票怎样才能T十0交易？	https://www.toutiao.com/group/6540511829175566595/	-1
2018-04-05 23:38:06,199 INFO 把锡纸做成光滑的铝球，日本流行的撸铝的创业商机	https://www.toutiao.com/group/6540531864946344452/	['创业', '日本', '手工艺', '美国']
2018-04-05 23:38:06,199 INFO 李树斌：互联网是一个不需要拼爹的行业	https://www.toutiao.com/group/6519996925343695374/	['电子商务', '李树斌', '冯军', '刘强东', '投资']
2018-04-05 23:38:07,640 INFO 全款买车和分期付款买车有啥区别，哪个好？	https://www.toutiao.com/group/6540419916137234701/	-1
2018-04-05 23:38:07,640 INFO 高抛低吸并不难，用好这6条法则就够了！（实用）	https://www.toutiao.com/group/6512647275943035406/	['沪指', '跳水', '股票', '投资', '财经']
2018-04-05 23:38:07,640 INFO 不要轻易承诺，许下的承诺欠下的债！	https://www.toutiao.com/group/6540574558292804100/	['毒品', '美文']
2018-04-05 23:38:07,640 INFO 4个创业新点子让你未来几年赚大钱	https://www.toutiao.com/group/6538928920597627406/	['创业', '智能家居', '空调', '人工智能', '三农']
2018-04-05 23:38:07,640 INFO 余额宝的钱是必须经过银行才存入，还有其他途径存入余额宝吗？	https://www.toutiao.com/group/6470479715030270222/	['支付宝', '天弘基金', '银行业', '财经']
2018-04-05 23:38:07,640 INFO 狗年选皮卡猎豹篇 军工品质的代表回来了	https://www.toutiao.com/group/6526461256977613326/	['商用车', '皮卡', '猎豹CT7', '猎豹汽车', '汽车用品']
2018-04-05 23:38:07,641 INFO 本周个股跌幅榜出炉，第一名跌幅27.17%	https://www.toutiao.com/group/6540585426342642184/	['*ST狮头', '长园集团', '沪指', '盘面分析', '股票']
2018-04-05 23:38:09,071 INFO 二手房有价无市，价格为什么这么坚挺？	https://www.toutiao.com/group/6540510187470455047/	-1
2018-04-05 23:38:09,071 INFO 中美贸易战升级！美股上演绝地反击 纳指收复7000点关口	https://www.toutiao.com/group/6540587674967736840/	['美股', '美国', '基金', '大豆', '恒生指数']
2018-04-05 23:38:09,071 INFO 扎克伯格：先决定创业再决定做什么 是本末倒置	https://www.toutiao.com/group/6520081047831446024/	['创业', '扎克伯格', 'Facebook', '美国', 'Google']
2018-04-05 23:38:09,071 INFO 南国置业的商业模式创新“棋局”	https://www.toutiao.com/group/6540147324662841864/	['购房', '南国置业', '投资', '市场营销', 'Gameloft']
2018-04-05 23:38:09,071 INFO 如果刚到退休年龄，只领了一个月的养老保险人就去世了该怎么办？	https://www.toutiao.com/group/6495997331492569357/	['社会保险', '养老保险', '基金', '投资', '财经']
2018-04-05 23:38:09,071 INFO 为什么很多人都在说，选择大于努力？	https://www.toutiao.com/group/6519615423145574916/	['陈向东', '创业', '美国', '果敢', '朋友圈']
2018-04-05 23:38:09,072 INFO 如何利用上涨跳空缺口擒获牛股	https://www.toutiao.com/group/6540536433432592900/	['沪指', '股票', '投资', '财经']
2018-04-05 23:38:10,574 INFO 中国石化与中国石油的区别在哪里？	https://www.toutiao.com/group/6479345104225042701/	['能源', '中国石油', '中石化', '蓝筹股', '投资']
2018-04-05 23:38:10,574 INFO 「思想」彼得·林奇：暴跌时如何安抚自己那颗恐惧的心	https://www.toutiao.com/group/6519350566366216717/	['美股', '投资', '基金', '财经']
2018-04-05 23:38:10,574 INFO 三峡水利被四次举牌，和目前实控人持股差距4.09%	https://www.toutiao.com/group/6540795839512576526/	['三峡水利', '长江三峡', '长江电力', '投资', '川投能源']
2018-04-05 23:38:10,574 INFO 全国政协委员、原中国证监会主席肖钢出现在经济界别委员住地	https://www.toutiao.com/group/6527909229167116803/	['肖钢', '经济', '宏观经济', '时政']
2018-04-05 23:38:10,575 INFO 第四套人民币不允许流通了，要不要去银行更换呢？	https://www.toutiao.com/group/6535719379672236296/	-1
2018-04-05 23:38:10,575 INFO 从柏林和墨尔本经验谈中国城市如何打赢人才战	https://www.toutiao.com/group/6540745036173148685/	['经济', '投资', '金融', '创业', '墨尔本大学']
2018-04-05 23:38:10,575 INFO 新研股份子公司获法国赛峰订单  国内企业纷纷布局航空转包业务	https://www.toutiao.com/group/6540836120756748803/	['新研股份', '航空', '西飞公司', '空中客车', '波音']
2018-04-05 23:38:12,042 INFO 低位横盘的股票为什么老是不上涨？	https://www.toutiao.com/group/6540509515765252359/	-1
2018-04-05 23:38:12,042 INFO 美国瞄准中国制造挥大棒, 大7座豪华SUV荣威RX8面对挑战有底气	https://www.toutiao.com/group/6540587868673278471/	['SUV', '上汽荣威', '国产车', '越野车', '德国汽车']
2018-04-05 23:38:12,042 INFO 博通又成了美国公司 宣布已将总部迁回美国	https://www.toutiao.com/group/6540745200061383175/	['博通', '美国', '高通', '投资', '安华']
2018-04-05 23:38:12,042 INFO 【富时中国A50指数期货大涨2.3%】	https://www.toutiao.com/group/6540765169998365191/	['期货', '财经']
2018-04-05 23:38:12,043 INFO 在农村办个什么小厂好？	https://www.toutiao.com/group/6540546645312930052/	-1
2018-04-05 23:38:12,043 INFO 主升浪黄金段做短线方法	https://www.toutiao.com/group/6540537176063476238/	['贵金属', '黄金', '沪指', '次新股', '股票']
2018-04-05 23:38:12,043 INFO 阿里巴巴总部大楼，浩气大楼，面积相当于13个台北小巨蛋	https://www.toutiao.com/group/6521191367580844547/	['电子商务', '马云', '阿里巴巴网络', '科技']
2018-04-05 23:38:13,527 INFO 什么银行的信用卡最好用？	https://www.toutiao.com/group/6478452477212492045/	['信用卡', '交通银行', '银行', '民用航空', '中国东方航空']
2018-04-05 23:38:13,528 INFO 回乡创业是养猪赚钱？还是养鸡赚钱？	https://www.toutiao.com/group/6540481079734698504/	['畜牧业', '养猪', '养鸡', '创业', '农业']
2018-04-05 23:38:13,528 INFO 入职新公司前要问清，如果这样做绩效考核，就不要入职了	https://www.toutiao.com/group/6517219721572516365/	['职场']
2018-04-05 23:38:13,528 INFO 19年狂赚2423%的基金，我遗憾现在才了解它	https://www.toutiao.com/group/6540475525004001800/	['基金', '嘉实基金', '投资', '凤凰', '财经']
2018-04-05 23:38:13,528 INFO 43年工龄的南京人在2018年11月份退休，退休能拿多少钱？	https://www.toutiao.com/group/6540488773967282445/	-1
2018-04-05 23:38:13,528 INFO 一鼓作气，再而衰，三而竭	https://www.toutiao.com/group/6540704084524007943/	['国债', '美股', '经济', '期货', '美国']
2018-04-05 23:38:13,529 INFO 3月重卡行情大变 陕汽、东风、红岩变动大	https://www.toutiao.com/group/6540505583944991239/	['商用车', '陕汽集团', '中国重汽', '国产车', '福田汽车']
2018-04-05 23:38:15,028 INFO 庄家是怎么洗出散户的筹码，然后自己吸筹拉升？	https://www.toutiao.com/group/6540496986934608141/	-1
2018-04-05 23:38:15,028 INFO 4月起房贷利率突然大幅上浮，炒房客被套牢，未来还有上涨可能！	https://www.toutiao.com/group/6540471447582671368/	['购房', '银行', '金融', '中国人民银行', '投资']
2018-04-05 23:38:15,028 INFO 怀大爱心，办小事情	https://www.toutiao.com/group/6520467821795738125/	['投资', '清华大学', '新三板', '基督教', '巴菲特']
2018-04-05 23:38:15,028 INFO “人才争夺战”升级 百万年薪“砸”向新经济领域	https://www.toutiao.com/group/6540468533220868612/	['经济', '大数据', '人工智能', '工程师', '金融']
2018-04-05 23:38:15,029 INFO 胡玮炜3年前辞职创业，为什么马化腾和李开复都看好她？	https://www.toutiao.com/group/6540478693469323523/	-1
2018-04-05 23:38:15,029 INFO 俄媒：中国年轻人青睐国产货引外媒极大兴趣	https://www.toutiao.com/group/6539750000400794119/	['美国', '中国中车', '机器人', '华为', '欧洲']
2018-04-05 23:38:15,029 INFO 福建榕基软件股份有限公司	https://www.toutiao.com/group/6540306842164134414/	['云计算', '榕基软件', '移动互联网', '大数据', '政务监督']
2018-04-05 23:38:16,527 INFO 董明珠和珠海银隆之间到底发生了什么？	https://www.toutiao.com/group/6408005825297645826/	['董明珠', '格力', '投资', '新能源', '新能源汽车']
2018-04-05 23:38:16,527 INFO 独家|我们在上海时装周碰到了Jimmy Choo本人，他说要设计高跟鞋直到100岁	https://www.toutiao.com/group/6540473200411673095/	['鞋', '时装周', '周仰杰', '高跟鞋', '设计师']
2018-04-05 23:38:16,527 INFO 恒大、绿地、万科、碧桂园等中国十大房地产公司2017年业绩比较	https://www.toutiao.com/group/6539018879161598472/	['蓝筹股', '万科集团', '碧桂园', '恒大地产', '绿地控股']
2018-04-05 23:38:16,527 INFO 开年出口大增缘自五大动力，下半年压力或至……	https://www.toutiao.com/group/6540464468411810307/	['汇率', '外汇', '经济', '美国', '摩根大通']
2018-04-05 23:38:16,527 INFO 碧桂园、恒大、万科一季度销售齐超1500亿	https://www.toutiao.com/group/6540467925420081667/	['购房', '碧桂园', '万科集团', '广州恒大', '华润创业']
2018-04-05 23:38:16,527 INFO 个人理财有哪些好的方法？	https://www.toutiao.com/group/6526806375731823112/	['个人理财', '投资', 'P2P理财', '基金', '保险']
2018-04-05 23:38:16,528 INFO 茅台王子酒是真茅台吗？	https://www.toutiao.com/group/6531505847653105927/	-1
2018-04-05 23:38:17,994 INFO 武汉、郑州、合肥和西安，你觉得这四个城市哪个会在未来十年成为中部六省的城市霸主？	https://www.toutiao.com/group/6422063501287620866/	['投资', '财经']
2018-04-05 23:38:17,995 INFO 玉米价格连跌，后市走势如何？	https://www.toutiao.com/group/6540458372565565965/	['农资', '玉米', '饲料', '畜牧业', '农民']
2018-04-05 23:38:17,995 INFO 烟台杰瑞石油服务集团股份有限公司	https://www.toutiao.com/group/6540306863794160142/	['财会', '杰瑞股份', '石油', '能源', '法律']
2018-04-05 23:38:17,995 INFO 银行贷款利息是多少?银行贷款怎么还款最划算?	https://www.toutiao.com/group/6540474955140694532/	['银行', '经济', '中国人民银行', '房产']
2018-04-05 23:38:17,996 INFO 废铁还能涨价吗？	https://www.toutiao.com/group/6537661141110227213/	-1
2018-04-05 23:38:17,996 INFO 从生活中获取理财小知识	https://www.toutiao.com/group/6524890267881832964/	['个人理财', 'P2P理财', '金融', '经济', '基金']
2018-04-05 23:38:17,996 INFO 二季度猪价有反弹可能 但要理性看待	https://www.toutiao.com/group/6540450230276456967/	['畜牧业', '农民', '农业', '三农', '猪']
2018-04-05 23:38:19,478 INFO 本人31岁，想创业，不知道干什么，怎么办？	https://www.toutiao.com/group/6540152174230372622/	-1
2018-04-05 23:38:19,479 INFO 又是美国，瑞士银行面临挑战，老掌柜遇到新问题	https://www.toutiao.com/group/6535747760874848772/	['银行', '瑞士银行', '美国', '金融', '政治']
2018-04-05 23:38:19,479 INFO 王就是王，妾就是妾。	https://www.toutiao.com/group/6540447043247145480/	['海南大东海', '股票', '投资', '财经']
2018-04-05 23:38:19,479 INFO 好好的摩拜为什么说卖就卖了？	https://www.toutiao.com/group/6540499852382437892/	['移动互联网', '美团网', '骑行', '王兴', '自行车']
2018-04-05 23:38:19,479 INFO 山东省除了济南和青岛，今后十年最有发展潜力的是哪个城市？	https://www.toutiao.com/group/6538729288533803271/	-1
2018-04-05 23:38:19,480 INFO 未来俄罗斯小麦会否替代美国小麦？	https://www.toutiao.com/group/6540464197099061767/	['小麦', '美国', '粮油', '农业', '大豆']
2018-04-05 23:38:19,480 INFO 最后通牒，通用4月底决定是否退出韩国市场	https://www.toutiao.com/group/6540508956282847748/	['通用汽车', '韩国', '投资', '金融', '欧宝']
2018-04-05 23:38:20,947 INFO 房贷利率“三连跳”！买房怎样还款省利息？	https://www.toutiao.com/group/6530028666062111235/	['购房', '银行', '房产']
2018-04-05 23:38:20,948 INFO 工行信用卡如何短时间内提额至五万？	https://www.toutiao.com/group/6511861397725381124/	['信用卡', '工商银行', '财经']
2018-04-05 23:38:20,948 INFO 华为HUAWEI将改名为Wahway，还有哪些科技公司改过名字？	https://www.toutiao.com/group/6540436749775012103/	-1
2018-04-05 23:38:20,948 INFO 墓地资本启示录：有的一座卖42万，80%毛利率还能撑多久？	https://www.toutiao.com/group/6540790392764236292/	['投资', '计划生育', 'IPO', '永安林业', '信达地产']
2018-04-05 23:38:20,948 INFO 20日均线回调买入法，轻松捕捉强势股行情，成功率极高！（干货）	https://www.toutiao.com/group/6540442111609668103/	['股票', '投资', '财经']
2018-04-05 23:38:20,948 INFO 2018怎样投资熊猫金币	https://www.toutiao.com/group/6540436273591484931/	['贵金属', '黄金', '纪念币', '投资', '大熊猫']
2018-04-05 23:38:20,949 INFO 买了一套房子没钱装修，放在那里又浪费，怎么办？	https://www.toutiao.com/group/6526740433668669710/	-1
2018-04-05 23:38:22,402 INFO 一般庄家要控盘一个股需要收集多少筹码？	https://www.toutiao.com/group/6540475333882151175/	-1
2018-04-05 23:38:22,403 INFO 数房企风流，还看今朝：回望房地产百强研究十五年	https://www.toutiao.com/group/6508882914892055054/	['华远地产', '碧桂园', '蓝筹股', '万科集团', '经济']
2018-04-05 23:38:22,403 INFO 围殴滴滴	https://www.toutiao.com/group/6540429132818285060/	['智能出行', '滴滴打车', '高德软件', '美团网', '移动互联网']
2018-04-05 23:38:22,403 INFO 中国出重拳了！美国大豆、汽车、化工品等106项产品中拳！（附：对美国加征关税商品清单）	https://www.toutiao.com/group/6540684937425584643/	['美国', '经济', '大豆', '中美关系']
2018-04-05 23:38:22,403 INFO 40年的工龄，2018年能上涨多少退休金？	https://www.toutiao.com/group/6537788692000407812/	-1
2018-04-05 23:38:22,403 INFO 想抓龙头 到底该如何买股？	https://www.toutiao.com/group/6540495586817212936/	['股票', '投资', '财经']
2018-04-05 23:38:22,404 INFO “心魔”与成功	https://www.toutiao.com/group/6515190041168314884/	['汇丰银行', '韩国', '美国', '财经']
2018-04-05 23:38:23,920 INFO 李嘉诚和比尔盖茨比，谁更有钱？	https://www.toutiao.com/group/6484061667515695373/	['李嘉诚', '比尔·盖茨', '和记黄埔', 'Facebook', '长江实业']
2018-04-05 23:38:23,921 INFO 华为女皇孙亚芳	https://www.toutiao.com/group/6519631988746355207/	['孙亚芳', '华为', '任正非', '土狼', '市场营销']
2018-04-05 23:38:23,921 INFO 兽爷｜老宋这三年	https://www.toutiao.com/group/6518909450814751236/	['三农', '宋卫平', '青云山', '农业', '碧桂园']
2018-04-05 23:38:23,921 INFO 在银行贷款30万20年还完，月供就多少？	https://www.toutiao.com/group/6532248772330652174/	['银行', '购房', '财经']
2018-04-05 23:38:23,921 INFO 如果微信每月收用户10元的使用费，一年就可以赚1000亿以上，马化腾为什么不收费？	https://www.toutiao.com/group/6503141091611509006/	['移动互联网', '微信', '马化腾', '软件', '杀毒软件']
2018-04-05 23:38:23,922 INFO 收购不是摩拜、ofo之争的终结，涨价才是？	https://www.toutiao.com/group/6540817146073580039/	['移动互联网', '美团网', '自行车', '饿了么', '智能出行']
2018-04-05 23:38:23,922 INFO 两口之家月入1.3万咋理财	https://www.toutiao.com/group/6540413337480462851/	['个人理财', '购房', '信用卡', '投资', '二手房']
2018-04-05 23:38:25,553 INFO 信用卡提额到100000是一种什么样的体验？	https://www.toutiao.com/group/6412861312518324482/	['信用卡', '经济', '财经']
2018-04-05 23:38:25,553 INFO 从台湾药膳养生月子餐出发，“金悦棠”整合上下游资源，打造母婴生态产业帝国	https://www.toutiao.com/group/6540408432195797511/	['食疗', '月子餐', '养生', '产后护理', '饮食健康']
2018-04-05 23:38:25,553 INFO 文娱行业领军人物寄语未来	https://www.toutiao.com/group/6540306830466220548/	['投资', '掌趣科技', '经济', '阿里影业', '金融']
2018-04-05 23:38:25,553 INFO 关于新疆和什托洛盖矿区沙吉海一号煤矿项目核准的批复	https://www.toutiao.com/group/6540412509654876675/	['能源', '环境保护', '投资', '财经']
2018-04-05 23:38:25,554 INFO 100万买个县城新开区临街门面好还是买理财？	https://www.toutiao.com/group/6477065252155425037/	['个人理财', '陈旭', '投资', '文章', '理财']
2018-04-05 23:38:25,554 INFO 家装业人士创业偏好新建材项目	https://www.toutiao.com/group/6540457425814684174/	['装修', '创业', '环境保护', '家居']
2018-04-05 23:38:25,554 INFO 近3亿存货压顶，加盟商开店关店似流水，嘉曼服饰IPO押宝直营	https://www.toutiao.com/group/6540413699721527822/	['电子商务', '市场营销', '森马服饰', 'IPO', '投资']
2018-04-05 23:38:27,091 INFO 蚂蚁金服一旦上市，会发生什么？	https://www.toutiao.com/group/6487548024196169998/	['IPO', '蚂蚁金服', '马云', '支付宝', '马化腾']
2018-04-05 23:38:27,091 INFO 关于亚马逊，你可能不知道的十件事	https://www.toutiao.com/group/6540407120171368968/	['杰弗里·贝索斯', '机器人', '美国', '软件', '比尔·盖茨']
2018-04-05 23:38:27,091 INFO 马来西亚直销市场环境知多少	https://www.toutiao.com/group/6540403490106114564/	['长青集团', '东盟', '经济', '泰国', '人力资源']
2018-04-05 23:38:27,092 INFO 八大城市人口报告：新一线及二线城市人口快速增长 地方财政承压	https://www.toutiao.com/group/6540403235885154819/	['经济', '分析师', '盘点']
2018-04-05 23:38:27,092 INFO 庄家是如何“骗”散户卖出股票的？	https://www.toutiao.com/group/6540545347939205380/	-1
2018-04-05 23:38:27,092 INFO （财经·行情）纽约金价４日上涨	https://www.toutiao.com/group/6540704223003148807/	['贵金属', '黄金', '期货', '白银', '纽约商品交易所']
2018-04-05 23:38:27,092 INFO 促进仿制药发展的国际经验	https://www.toutiao.com/group/6540416352476201485/	['药品', '美国', '日本', '英国', '经济']
2018-04-05 23:38:28,621 INFO 注册“顺风车”出险后会被拒赔吗？	https://www.toutiao.com/group/6539647513211699719/	['汽车保险', '滴滴打车', '轿车', '交通', '法律']
2018-04-05 23:38:28,622 INFO 阿联酋迪拜是不是比其首都阿布扎比发展好？	https://www.toutiao.com/group/6448511132436005133/	['石油', '美国', '哈里发', '阿曼', '酒店']
2018-04-05 23:38:28,622 INFO 医药行业利空出尽再迎利好！优质仿制药企业不可不配	https://www.toutiao.com/group/6540396055232512525/	['药品', '京新药业', '乐普医疗', '华东医药', '恒瑞医药']
2018-04-05 23:38:28,622 INFO 华为，下一步如何作为？——对话任正非	https://www.toutiao.com/group/6540892777096413700/	['云计算', '任正非', '华为', '人工智能', '数学']
2018-04-05 23:38:28,622 INFO 投资P2P容易上瘾 这应该是最好的固收理财了	https://www.toutiao.com/group/6540392236964643332/	['个人理财', '投资', 'P2P理财', '国债', '基金']
2018-04-05 23:38:28,623 INFO 错过80年代下海，90年代炒股，00年代炒房，10年代比特币，接下来最可能错过的投资热点是什么？	https://www.toutiao.com/group/6498220984510726413/	['数字货币', '比特币', '投资', '大众捷达', '劳斯莱斯']
2018-04-05 23:38:28,623 INFO 商务部：中方一家减不了对美顺差，需双方努力	https://www.toutiao.com/group/6540710100330349070/	['经济', '美国', '投资', '石油', '能源']
2018-04-05 23:38:30,196 INFO 如果你有10万存款，你是准备存在余额宝还是去做理财？	https://www.toutiao.com/group/6469276348249538829/	['个人理财', '金融', '投资', '理财', '财经']
2018-04-05 23:38:30,196 INFO 评摩拜：健康的商业世界，是创业者不被资本狂潮所吞没的世界	https://www.toutiao.com/group/6540649879864082957/	['创业', '风投', '美团网', '投资', '自行车']
2018-04-05 23:38:30,197 INFO 我国大城市群仍有发展空间	https://www.toutiao.com/group/6512018232151376388/	['经济', '美国', '东京', '西雅图', '日本']
2018-04-05 23:38:30,197 INFO 页岩气领域获政策“红包”  四股迎利好腾飞在即（附股）	https://www.toutiao.com/group/6540466197735932419/	['能源', '青岛金王', '海越股份', '国海证券', '东北证券']
2018-04-05 23:38:30,197 INFO 郑州跟西安哪一个发展前景更好？	https://www.toutiao.com/group/6467300597761573134/	['经济', '投资', '大学', '空军工程大学', '十三五']
2018-04-05 23:38:30,197 INFO 这家企业曾贡献当地一半税收 如今卖厂卖地卖银行	https://www.toutiao.com/group/6539652382454710797/	['银行', '维维股份', '投资', '经济', '金融']
2018-04-05 23:38:30,197 INFO 独角兽宁德时代有望5月挂牌 这些A股公司或将受益	https://www.toutiao.com/group/6540747440608248324/	['新能源汽车', '新能源', '电动汽车', '蓝筹股', '比亚迪']
2018-04-05 23:38:31,721 INFO 假如股市恢复T+0的交易制度会怎样？	https://www.toutiao.com/group/6540371130929119496/	-1
2018-04-05 23:38:31,721 INFO 倔强董明珠：重仓新能源 十亿赌约背后野心与耐心	https://www.toutiao.com/group/6540374870016918024/	['董明珠', '空调', '雷军', '能源', '新能源']
2018-04-05 23:38:31,722 INFO 史玉柱说过的经典语句（十一）	https://www.toutiao.com/group/6540590667653972487/	['史玉柱']
2018-04-05 23:38:31,722 INFO 中国冶金科工股份有限公司	https://www.toutiao.com/group/6540306812657205773/	['中冶集团', '投资', '财经']
2018-04-05 23:38:31,722 INFO 假如你的资产超过1000万，还需要出来工作或者上班吗？怎么安排比较好？	https://www.toutiao.com/group/6488843336256848141/	['私募', '嘉实基金', '公募', '沪指', '财经']
2018-04-05 23:38:31,722 INFO 次级贷幽灵重现？次贷债券是美国银行业增长最快的资产	https://www.toutiao.com/group/6540396055874241037/	['银行', '美国', '金融', '投资', '分析师']
2018-04-05 23:38:31,723 INFO 五大行去年减员2.7万 平均年薪24万	https://www.toutiao.com/group/6540373259941052935/	['购房', '工商银行', '农业银行', '建设银行', '交通银行']
2018-04-05 23:38:33,234 INFO 为什么在腾讯刘炽平工资比马化腾还高？	https://www.toutiao.com/group/6501463656243396878/	['电子商务', '马化腾', '霍建宁', 'IPO', '投资']
2018-04-05 23:38:33,234 INFO 收租是门好生意	https://www.toutiao.com/group/6529810364668838403/	['电子商务', '京东', '麦当劳', '投资', '财经']
2018-04-05 23:38:33,235 INFO 美国挑起贸易摩擦引发全美社会忧虑	https://www.toutiao.com/group/6540725387041702404/	['美国', '经济', '芝加哥', '葡萄酒', '酒']
2018-04-05 23:38:33,235 INFO 上海电气股价低迷 昔日“英雄”能否在新的蓝天之下重回巅峰 	https://www.toutiao.com/group/6540812712367096334/	['新能源', '上海电气', '能源', '东方电气', '财华社集团']
2018-04-05 23:38:33,235 INFO 手上有十万，放在银行还是余额宝里比较好？	https://www.toutiao.com/group/6471519346970591501/	['银行', '投资', '支付宝', '建设银行', '银行业']
2018-04-05 23:38:33,235 INFO 【中国重工、中国动力、中国海防、中船科技集体澄清“南北船合并”传闻】	https://www.toutiao.com/group/6538711416860312068/	['蓝筹股', '中国重工', '中船重工', '中船集团', '国防军工行业']
2018-04-05 23:38:33,235 INFO 干货来了！60个基础金融词汇	https://www.toutiao.com/group/6508842197519958542/	['金融', '投资', '风投', '财经']
2018-04-05 23:38:34,747 INFO 中国哪个芯片设计公司比较强？	https://www.toutiao.com/group/6540395679720669443/	-1
2018-04-05 23:38:34,747 INFO 3月销重卡超2.5万辆 东风强势回归行业前二	https://www.toutiao.com/group/6540357641061794312/	['国产车', '商用车', '东风汽车', '市场营销', '货车']
2018-04-05 23:38:34,747 INFO 股票投资技术分析：如何利用5日均线看准买卖点	https://www.toutiao.com/group/6540620305788830222/	['投资', '股票', '财经']
2018-04-05 23:38:34,747 INFO 战略重视军工板块投资机会 两股值得重点关注	https://www.toutiao.com/group/6540410277219795470/	['民用航空', '直升机', '武器', '蓝筹股', '美国']
2018-04-05 23:38:34,748 INFO 乐高、美泰、孩之宝三大全球玩具巨头2017年四季度和全年业绩	https://www.toutiao.com/group/6540356558134444552/	['玩具', '美泰儿', '孩之宝', '乐高', '战斗陀螺']
2018-04-05 23:38:34,748 INFO ST保千里年报净利亏损77亿 将被实施退市风险警示	https://www.toutiao.com/group/6540571007822856712/	['保千里', '财经']
2018-04-05 23:38:34,748 INFO 怎么评价郑州95后大学生校内开无人商店，日营业额5000元？	https://www.toutiao.com/group/6540562683266072836/	-1
2018-04-05 23:38:36,245 INFO 一个月可以存2000块钱，应该怎么理财？	https://www.toutiao.com/group/6449225328689676557/	['个人理财', '基金', '投资', 'P2P理财', '中信银行']
2018-04-05 23:38:36,245 INFO 2018年2月保险业绩盘点：老三家超常发挥 平安人寿全面反超	https://www.toutiao.com/group/6540367183959032333/	['蓝筹股', '平安保险', '人寿保险', '中国财险', '中国人寿']
2018-04-05 23:38:36,246 INFO “江南皮革厂倒闭了”之股市真人秀，小姨子还没跑吗？	https://www.toutiao.com/group/6540426376523022852/	['综艺', '真人秀', '环境保护', '环境污染', '能源']
2018-04-05 23:38:36,246 INFO 乐视网的“内幕”真的被揭开了？	https://www.toutiao.com/group/6538831067082654222/	['乐视', '孙宏斌', '投资', '财经']
2018-04-05 23:38:36,246 INFO 中国的世界500强公司有哪些？	https://www.toutiao.com/group/6488513074507546894/	['经济', '美国', '金融', '日本', '财富']
2018-04-05 23:38:36,246 INFO 中国天然气需求激增，美国澳大利亚互相争抢中国天然气进口权！	https://www.toutiao.com/group/6540415130365067784/	['能源', '美国', '新能源', '石油', '中国石油']
2018-04-05 23:38:36,246 INFO 211家医药上市公司2017年盈利784亿	https://www.toutiao.com/group/6540362738521080334/	['智飞生物', '博济医药', '丽珠集团', '沃森生物', '九安医疗']
2018-04-05 23:38:37,716 INFO 腾讯市值超过阿里，但为什么在各种场合上，总是感觉阿里格局更高？	https://www.toutiao.com/group/6496341754944422158/	['移动支付', '电子商务', '马云', '金融', '投资']
2018-04-05 23:38:37,716 INFO 市场｜逢低吸纳时机或在眼前（附：近期邮币市场行情）	https://www.toutiao.com/group/6540342416849764872/	['邮票', '钱币', '文物', '书法', '纪念币']
2018-04-05 23:38:37,717 INFO 一文看懂银行信用卡曲线提额！	https://www.toutiao.com/group/6526292291567501827/	['信用卡', '银行', '中信银行', '交通银行', '浦发银行']
2018-04-05 23:38:37,717 INFO 热点聚焦：汽车融资租赁到底值不值得推广？	https://www.toutiao.com/group/6540487662342504964/	['汽车租赁', '保险', '汽车']
2018-04-05 23:38:37,717 INFO 北京41年工龄退休金多少？	https://www.toutiao.com/group/6531300017972445453/	-1
2018-04-05 23:38:37,717 INFO 依靠贷款投资的炒房者，会利润空间越压越小，最终毫无获利空间。	https://www.toutiao.com/group/6540353950820860424/	['购房', '投资', '房产']
2018-04-05 23:38:37,718 INFO 新潮传媒：与分众传媒的战争正式打响！一律采用5折优惠的广告补贴形式抢占头部客户	https://www.toutiao.com/group/6540465122266055171/	['投资', '军事历史', '创业', '人工智能', '希尔顿酒店']
2018-04-05 23:38:39,206 INFO 福建东百集团股份有限公司	https://www.toutiao.com/group/6540306888376975875/	['东百集团', '投资', '期货', '金融', '瑞兴']
2018-04-05 23:38:39,206 INFO 长虹整体搬迁，绵阳哪些区域受影响？	https://www.toutiao.com/group/6455572771618423054/	['长虹电器', '四川长虹', '京东方', '美菱电器', '交通']
2018-04-05 23:38:39,206 INFO 赵薇祥源文化索赔案件获实质性进展，或成明星第一案	https://www.toutiao.com/group/6540980579234480653/	['法律', '赵薇', '金融', '黄有龙', '财经']
2018-04-05 23:38:39,206 INFO 亮眼！时隔3年，上市房企平均净利率重回两位数	https://www.toutiao.com/group/6540566798679409166/	['万科集团', '碧桂园', '广州恒大', '雅居乐', '保利置业']
2018-04-05 23:38:39,207 INFO 这是创业的黄金时代吗？看完这几张图，你会有答案	https://www.toutiao.com/group/6526649196265603588/	['创业', '黄金', '贵金属', '财经']
2018-04-05 23:38:39,207 INFO 环京楼市的霸州房价从18000暴跌到8500元/平方米，如何看待这个问题？	https://www.toutiao.com/group/6540960273140809991/	-1
2018-04-05 23:38:39,207 INFO 美国贸易逆差升至9年半新高 但对中国收窄	https://www.toutiao.com/group/6540981376668140035/	['美国', '经济', '分析师', '交通', '国外宏观']
2018-04-05 23:38:40,745 INFO 隆鑫通用动力股份有限公司关于山东丽驰新能源汽车有限公司业绩承诺实现情况的说明	https://www.toutiao.com/group/6540306881536066055/	['新能源', '隆鑫通用', '通用动力', '投资', '能源']
2018-04-05 23:38:40,745 INFO 不想打工了，又没钱创业，有什么好办法吗？	https://www.toutiao.com/group/6539407961368822023/	-1
2018-04-05 23:38:40,745 INFO 金融危机十周年，看中国跨境资本流动管理改革路径与进程	https://www.toutiao.com/group/6538628036063920643/	['金融', '投资', '经济', '汇率', '基金']
2018-04-05 23:38:40,746 INFO 腾讯音乐称网易云音乐多次侵权 暂停转授权洽谈	https://www.toutiao.com/group/6540888985873416718/	['音乐', '网易', '杰威尔音乐', '艺术', '周杰伦']
2018-04-05 23:38:40,746 INFO 从贾跃亭到区块链，我们为什么不敢相信常识……	https://www.toutiao.com/group/6540469127855735303/	['数字货币', '贾跃亭', '比特币', '乐视', '投资']
2018-04-05 23:38:40,746 INFO 前两大股东分手 京威股份融资方案上股东大会被否	https://www.toutiao.com/group/6540587084053217795/	['京威股份', '投资', '深交所', '经济', '新能源']
2018-04-05 23:38:40,746 INFO 引入CDR，还要做好法律功课	https://www.toutiao.com/group/6540580707742253575/	['法律', '投资', '金融', 'IPO', '经济']
2018-04-05 23:38:42,319 INFO 康佳领国企改革风潮重塑新我 去年收入破300亿净利破50亿	https://www.toutiao.com/group/6540308897935131139/	['电视机', '康佳', '国企改革', '投资', '金融']
2018-04-05 23:38:42,319 INFO 现在是有钱好，还是存房好？	https://www.toutiao.com/group/6535899512920080648/	-1
2018-04-05 23:38:42,319 INFO 长城汽车2017净利润锐减创五年内新低，产品结构单一	https://www.toutiao.com/group/6540496864121192967/	['国产车', '长城汽车', '长城哈弗', '新能源汽车', 'SUV']
2018-04-05 23:38:42,320 INFO 深南金科股份有限公司2017年度社会责任报告	https://www.toutiao.com/group/6540306819598778893/	['金科股份', '深交所', '法律', '经济', '金融']
2018-04-05 23:38:42,320 INFO 中美贸易战升级 全球股市受挫	https://www.toutiao.com/group/6540679217623859716/	['美国', '农产品', '国外宏观', '宏观经济', '财经']
2018-04-05 23:38:42,320 INFO 个人银行账户进账多少就会被查？	https://www.toutiao.com/group/6418141652501659906/	['银行', '中国人民银行', '金融', '经济', '法律']
2018-04-05 23:38:42,321 INFO 东莞勤上光电股份有限公司募集资金年度存放与使用情况的专项报告	https://www.toutiao.com/group/6540306923470717453/	['蓝筹股', '勤上光电', '国信证券', '光电股份', '工商银行']
2018-04-05 23:38:43,804 INFO 1999年的1元菊花硬币值多少钱？	https://www.toutiao.com/group/6535330828497453319/	-1
2018-04-05 23:38:43,805 INFO 大豆！汽车！飞机！中国正式宣布对美500亿报复清单 >>	https://www.toutiao.com/group/6540653197235585540/	['美国', '大豆', '经济']
2018-04-05 23:38:43,805 INFO 2018年4月5日玉米价格行情；加工企业收购心态谨慎！	https://www.toutiao.com/group/6540866109644472845/	['玉米', '生物能源', '农业', '投资', '三农']
2018-04-05 23:38:43,805 INFO 江苏金融租赁股份有限公司	https://www.toutiao.com/group/6540306922321478151/	['金融', '会计师', '普华永道', 'IPO', '股票']
2018-04-05 23:38:43,805 INFO 万达损失了66亿的那一天，王思聪在做什么？	https://www.toutiao.com/group/6437679343182283009/	['王思聪', '建设银行', '王健林', '财经']
2018-04-05 23:38:43,805 INFO 民航管理思路转向质量增长 航企机队扩张“挂钩”航班准点率	https://www.toutiao.com/group/6540434679151985166/	['民用航空', '中国民航', '经济', '财经']
2018-04-05 23:38:43,806 INFO 银湖科技城：崛起的新一极	https://www.toutiao.com/group/6540338529984053773/	['硅谷', '创业', '交通', '经济', '西湖']
2018-04-05 23:38:45,307 INFO 楼继伟谈中美贸易战：对不懂孔夫子的人，不必温良恭俭让	https://www.toutiao.com/group/6538550592724271624/	['楼继伟', '美国', '经济', '孔子', '金融']
2018-04-05 23:38:45,307 INFO 石油枯竭是谎言吗？	https://www.toutiao.com/group/6460008098370158862/	['能源', '石油', '高峰', '经济', '投资']
2018-04-05 23:38:45,307 INFO 腾讯申请仲裁fuckqq.com域名	https://www.toutiao.com/group/6532749026385723912/	['驱动之家', '互联网', '科技']
2018-04-05 23:38:45,307 INFO 又一个行业被互联网革了命：大巴车的上座率越来越低了	https://www.toutiao.com/group/6514965435614495236/	['智能出行', '软件', '财经']
2018-04-05 23:38:45,308 INFO 新洋丰：磷酸一铵涨价有望带动业绩继续高增长 推荐评级	https://www.toutiao.com/group/6540517739377721869/	['新洋丰', '劲拓股份', '农资', '种植业', '投资']
2018-04-05 23:38:45,308 INFO 230万一亩地价，楼房毛坯成本多少？	https://www.toutiao.com/group/6540936923194589447/	-1
2018-04-05 23:38:45,308 INFO 中国银联与微信支付及财付通签署协议，开展微信支付条码支付业务	https://www.toutiao.com/group/6539288439055974926/	['移动互联网', '银联', '财付通', '微信', '支付宝']
2018-04-05 23:38:46,801 INFO 阿里收购饿了么：外卖战局将如何变化？	https://www.toutiao.com/group/6540184839511867908/	['移动互联网', '饿了么', '百度外卖', '美团网', '电子商务']
2018-04-05 23:38:46,801 INFO 大家感觉小米金融怎么样？	https://www.toutiao.com/group/6483647235509715213/	['金融', '电子商务', '支付宝', '投资', '雷军']
2018-04-05 23:38:46,801 INFO 武汉天河机场：诚信管理施良策货运安全有保障	https://www.toutiao.com/group/6540466662859080199/	['民用航空', '南航', '社会']
2018-04-05 23:38:46,801 INFO 美的集团：静水深流 布局未来	https://www.toutiao.com/group/6540396404467040775/	['美的', '投资', '库卡', '机器人', '家用电器行业']
2018-04-05 23:38:46,801 INFO 玻尿酸肉毒素黑市调查：货源无批文 经微商散货	https://www.toutiao.com/group/6540285703161381390/	['电子商务', '整形', '美容', '药品', '移动互联网']
2018-04-05 23:38:46,802 INFO 今年从几月份涨养老金，何时下发？	https://www.toutiao.com/group/6537148096281837828/	-1
2018-04-05 23:38:46,802 INFO 首都北京开启新零售大门	https://www.toutiao.com/group/6540285724434891277/	['电子商务', '高鑫零售', '大数据', '经济', '蔬菜']
2018-04-05 23:38:48,336 INFO 据说陕西神木县是一个土豪县，它到底有多富呢？	https://www.toutiao.com/group/6443830256947167501/	['投资', '国内宏观', '宏观经济', '财经']
2018-04-05 23:38:48,336 INFO 15年前错过淘宝，2018年IT人别再错过了阿里云	https://www.toutiao.com/group/6540492777237512707/	['云计算', '物联网', '亚马逊公司', '智能家居', '电子商务']
2018-04-05 23:38:48,336 INFO 大学生被骗用花呗打“白条” 瞬间损失5万元	https://www.toutiao.com/group/6540476366771454477/	['信用卡', '移动互联网', '支付宝', '法律', '京东']
2018-04-05 23:38:48,337 INFO 资管新规即将发布 公募基金成投资必修课	https://www.toutiao.com/group/6540482418514592259/	['金融', '公募', '投资', '分级基金', '保险']
2018-04-05 23:38:48,337 INFO 下周股市会不会跌破3000点？	https://www.toutiao.com/group/6540610512109961475/	-1
2018-04-05 23:38:48,337 INFO 确认丨阿里95亿美元收购饿了么，原阿里健康CEO王磊接替张旭豪任CEO	https://www.toutiao.com/group/6539684885873820174/	['饿了么', '百度外卖', '经济', '金融', 'O2O']
2018-04-05 23:38:48,337 INFO APS基础知识系列之一	https://www.toutiao.com/group/6540345776583737864/	['财经']
2018-04-05 23:38:49,918 INFO 为什么私募基金的投资门槛是100万？	https://www.toutiao.com/group/6480511948235473165/	['创业', '私募', '基金', '投资', '风投']
2018-04-05 23:38:49,918 INFO 7大龙头股已星光黯淡！私募：雄安新区发展中静待新龙头！	https://www.toutiao.com/group/6540271313548739080/	['冀东装备', '私募', '金隅股份', '冀东水泥', '韩建河山']
2018-04-05 23:38:49,918 INFO 彼得林奇在股灾时怎么办？	https://www.toutiao.com/group/6521566512216539655/	['投资', '雅芳', '基金', '沃尔玛', '经济']
2018-04-05 23:38:49,919 INFO 货币基金并非余额宝一种，教你如何挑选比余额宝还好的货基！	https://www.toutiao.com/group/6531980511823266312/	['基金', '投资', '金融', '支付宝', '互联网']
2018-04-05 23:38:49,919 INFO 现在县城商铺还有投资价值吗？	https://www.toutiao.com/group/6540425258174775559/	-1
2018-04-05 23:38:49,919 INFO 摩拜被美团收购	https://www.toutiao.com/group/6540264390980010503/	['移动互联网', '美团网', '互联网', '科技']
2018-04-05 23:38:49,919 INFO 新能源补贴3年后退坡 自主品牌或面跨国巨头围剿	https://www.toutiao.com/group/6540268092872720909/	['新能源', '丰田', '能源', '电动汽车', '新能源汽车']
2018-04-26 15:17:09,847 INFO 如何识别庄家横盘出货还是底部吸筹建仓？一测便知	https://www.toutiao.comhttp://tg.jmf6.com/pctg/jrtt/3205/?zc3-10	广告
2018-04-26 15:17:09,850 INFO 账上千亿现金，格力11年来首次不分红！原因真是董明珠这句气话？	https://www.toutiao.com/group/6548540966733611523/	['董明珠', '格力', '美的', '空调', '经济']
2018-04-26 15:17:09,851 INFO 为什么越来越多的人都拒绝办信用卡？	https://www.toutiao.com/group/6547515379617366280/	-1
2018-04-26 15:17:09,851 INFO 3分钟看懂半导体行业现状，请收好这份国产芯片龙头股名单	https://www.toutiao.com/group/6546499340125340168/	['通信', '中兴', '长电科技', '中芯国际', '基金']
2018-04-26 15:17:09,851 INFO 美国司法部调查华为，指控比中兴那次更严重！华为：莫须有！	https://www.toutiao.com/group/6548535377454432775/	['运营商', '中兴', '华为手机', '通信', '法律']
2018-04-26 17:54:58,563 INFO 油价迎年内最大涨幅！下班快去加油吧	https://www.toutiao.com/group/6548678532367647240/	['油价', '石油', '中东局势', '能源', 'CCTV']
2018-04-26 17:54:58,622 INFO 马云又出惊人言论，8年后房子最不值钱，他的话可信吗？	https://www.toutiao.com/group/6479715514183581965/	['马云', '癌症', '房产']
2018-04-26 17:54:58,622 INFO 格力竟真不分红！投资者：是为集成电路 还是为连任？	https://www.toutiao.com/group/6548540554550968845/	['格力', '董明珠', '投资', '中兴', '通信']
2018-04-26 17:54:58,622 INFO 都是传奇，但我们不一样，一个你从未体会过的攻沙传奇	https://www.toutiao.comhttp://www.gdxxb.com/97926	广告
2018-04-26 17:54:58,622 INFO 为什么今天市场会暴跌？	https://www.toutiao.com/group/6548651093788721672/	['投资', '格力', '软件', '财经']
2018-04-26 17:54:58,622 INFO 欠信用卡一百多万钱，突然这个人跳楼身亡了！那欠信用卡的钱，找谁还呢？	https://www.toutiao.com/group/6547119242880221448/	-1
2018-04-26 17:54:58,622 INFO 腾讯市值3个月蒸发一个滴滴打车，网友：和首富差距小了这么多！	https://www.toutiao.com/group/6548636620134810126/	['移动互联网', '滴滴打车', '智能出行', '马化腾', '投资']
2018-04-26 18:08:28,183 INFO 穷人和富人管理钱的方式有什么不同？	https://www.toutiao.com/group/6548637950224105742/	-1
2018-04-26 18:08:28,183 INFO “果小美要解散”、“果小美大裁员”，这家公司真的要完了吗？	https://www.toutiao.com/group/6548623033773326861/	['风投', '聚划算', '创业', '投资', '饿了么']
2018-04-26 18:08:28,183 INFO 产能过剩正成为京东方等国产面板生产企业的噩梦	https://www.toutiao.com/group/6548571688974418435/	['电视机', '京东方', '三星', '智能手机', 'TCL']
2018-04-26 18:08:28,183 INFO 4月26日行情日评：进口激增冲击猪市，蛋价跌势放大，粮价继续跌	https://www.toutiao.com/group/6548675973171118600/	['期货', '玉米', '大豆', '猪', '大商所']
2018-04-26 18:08:28,184 INFO 为什么中国人不喜欢保险，也不愿意买保险？	https://www.toutiao.com/group/6548345089272316168/	-1
2018-04-26 18:08:28,184 INFO 4年投了50家平台，狂赚10万，从理财菜鸟变赚钱高手只需要这些！	https://www.toutiao.com/group/6548591361317143053/	['个人理财', '投资', 'P2P理财', '拍拍贷', '私募']
2018-04-26 18:08:28,184 INFO 银川西夏区近25亿打造特色小镇项目 竟通过政府购买服务形成19亿隐性债务	https://www.toutiao.com/group/6548407066849968647/	['建筑', '投资', '经济', '农村', '农业']
2018-04-26 18:08:29,701 INFO 现在不缴纳养老保险，每年往银行存一万，30年后能养活自己吗？	https://www.toutiao.com/group/6548556329668051203/	-1
2018-04-26 18:08:29,701 INFO 阿里巴巴将在重庆打造“城市大脑” 计划3年培养3000名大数据人才	https://www.toutiao.com/group/6548559670183723524/	['大数据', '物联网', '金融', '人工智能', '经济']
2018-04-26 18:08:29,701 INFO 一年营收300亿的百年青岛啤酒，中国的骄傲，日本、德国将再无插足之地！	https://www.toutiao.com/group/6535023814424658439/	['青岛啤酒', '日本', '郭广昌', '英国', '经济']
2018-04-26 18:08:29,701 INFO 那些想“上岸”的现金贷借款人	https://www.toutiao.com/group/6535223328209109517/	['信用卡', '宜信', '金融', '投资', '传销']
2018-04-26 18:08:29,702 INFO 5万本金，如何一年内变30万？	https://www.toutiao.com/group/6480754465187037454/	['彩票', '农业', '投资', '酒店']
2018-04-26 18:08:29,702 INFO 从郁金香到南海泡沫，我们得出最赚钱的一条“金科玉律”！	https://www.toutiao.com/group/6548562548986216963/	['花', '郁金香', '南海', '投资', '经济']
2018-04-26 18:08:29,702 INFO 二手房新房哪个更划算？不知道这些风险就别买二手房！	https://www.toutiao.com/group/6527166826567172611/	['购房', '二手房', '家装设计', '装修', '投资']
2018-04-26 18:08:31,063 INFO 支付宝发布新规后，怎样往支付宝里存钱呢？	https://www.toutiao.com/group/6548322437409276168/	-1
2018-04-26 18:08:31,063 INFO 宁波首富身家迭创新高，8年从60亿干到442亿	https://www.toutiao.com/group/6548370830554825219/	['优衣库', '纺织', '福布斯 ', '柳井正', '孙正义']
2018-04-26 18:08:31,063 INFO 搞农业为什么不赚钱？专家揭秘背后原因	https://www.toutiao.com/group/6527113585582146061/	['农业', '农业保险', '农产品', '三农', '种植业']
2018-04-26 18:08:31,063 INFO 大变局！香港打响楼市保卫战？	https://www.toutiao.com/group/6548563167243403779/	['银行', '汇率', '购房', '外汇', '钱贵']
2018-04-26 18:08:31,063 INFO 全职做股票的人，一般持有多少资金量？能养活自己吗？	https://www.toutiao.com/group/6548586894702149891/	-1
2018-04-26 18:08:31,063 INFO 60亿规模的私募清盘旗下产品惊动市场，私募圈直呼看不懂	https://www.toutiao.com/group/6548386454152675848/	['风投', '私募', '投资', '诺亚财富', '期货']
2018-04-26 18:08:31,063 INFO 玉米行情丨国内玉米新的不平衡可能提前到来！	https://www.toutiao.com/group/6548639527559234056/	['玉米', '小麦', '农业', '高粱', '农产品']
2018-04-26 18:08:32,465 INFO 李泽楷为什么抛弃梁洛施？	https://www.toutiao.com/group/6490832558597603597/	['梁洛施', '李泽楷', '李嘉诚', '政治', '伏明霞']
2018-04-26 18:08:32,465 INFO 钜盛华退场万科，宝能系押注观致：祝保险公司姚老板造车成功！	https://www.toutiao.com/group/6548670534551339524/	['国产车', '观致汽车', '万科集团', '王石', '投资']
2018-04-26 18:08:32,465 INFO 700万吨还不够，玉米拍卖还要增投？	https://www.toutiao.com/group/6548328367349826061/	['种植业', '玉米', '农产品', '大豆', '三农']
2018-04-26 18:08:32,465 INFO 华为邱恒谈美国 FCC 取消补贴的制裁：没办法	https://www.toutiao.com/group/6548612731593818638/	['运营商', '华为', '中兴', '通信', '微软']
2018-04-26 18:08:32,466 INFO 谁是娱乐圈十大顶级隐形的富豪？	https://www.toutiao.com/group/6444382320232235277/	['迟重瑞', '赵薇', '陈丽华', '古天乐', '成龙']
2018-04-26 18:08:32,466 INFO 健康｜做好6件事让你拥有“深度”好睡眠！	https://www.toutiao.com/group/6536567341235307012/	['睡眠', '投资', '基金', '财经']
2018-04-26 18:08:32,466 INFO 中国原油期货“满月”：日均6万手的成交量是高还是低？	https://www.toutiao.com/group/6548418252081463811/	['期货', '石油', '国泰君安期货', '外汇', '投资']
2018-04-26 18:08:33,966 INFO 如果把500万人民币存进银行，光靠利息能过上什么样的日子？	https://www.toutiao.com/group/6500823404088656142/	['银行', '支付宝', '投资', '财付通', '金融']
2018-04-26 18:08:33,966 INFO 扒一扒中国娱乐圈的女投资人 厉害了我的女神	https://www.toutiao.com/group/6530478246180422147/	['风投', '投资', '创业', 'Angelababy', '高圆圆']
2018-04-26 18:08:33,966 INFO 李嘉诚的财富我们无法想象	https://www.toutiao.com/group/6525929655361339907/	['李嘉诚', '马云', '电子商务', '投资', '亚洲']
2018-04-26 18:08:33,966 INFO 成都国企的“造芯”往事：20.61亿元的投资成本和往来款灰飞烟灭	https://www.toutiao.com/group/6548574246312870407/	['格罗方德', '中芯国际', '投资', '财经']
2018-04-26 18:08:33,966 INFO 为什么强调打卡是公司衰败的开始？	https://www.toutiao.com/group/6419657593584615681/	['创业', '财经']
2018-04-26 18:08:33,967 INFO 因不分红导致格力电器股价大跌，到底说明了什么？	https://www.toutiao.com/group/6548588206281982472/	['格力', '投资', '白银', '股票', '财经']
2018-04-26 18:08:33,967 INFO 金融业大整顿，是要回到十年前的水平吗？	https://www.toutiao.com/group/6547469720168169991/	['金融', '投资', '私募', 'P2P理财', '电子商务']
