2018-04-02 10:51:05,017 INFO 标题 is中国对美128项进口商品加征关税(清单)
2018-04-02 10:51:05,097 INFO 
2018-04-02 10:51:05,097 INFO 标题 is雄安规划已基本完成将发布 4个产业先行
2018-04-02 10:51:05,141 INFO 雄安一岁！新区规划呼之欲出 打造高端高新产业核心区
4月1日，雄安新区成立一周年，网友们纷纷为雄安周岁生日点赞。
雄安新区规划呼之欲出 四个高端高新产业先行
1日，雄安新区设立迎来一周年。京雄城际高铁正式开工建设，雄安市民服务中心基本完工，“千年秀林”工程稳步推进……作为千年大计的雄安新区，一举一动成为市场关注的焦点。
目前雄安新区规划纲要基本完成，有望近期发布。分析人士认为，雄安新区将打造高端高新产业发展核心区，新一代信息技术产业、生命科学和生物医药产业、军民融合产业、高端服务业四个类别的高端高新产业将是雄安新区优先布局的产业。中国铁建、中船重工、中信集团等多家央企相关负责人向中国证券报记者表示，公司已做好支持雄安新区建设的准备并开展了前期工作，未来随着雄安新区规划的出台，将全方位对接服务雄安新区。
新区规划纲要即将出台
容城县奥威路，被外界俗称“央企大街”，成为折射雄安新区一周年经济社会发展变化的一个“窗口”。
中国证券报（ID：xhszzb）记者在现场看到，一公里左右的街道两旁，鳞次栉比地分布着约30家央企、地方国企，以及一些民营企业。中国中铁、中国铁建、中国建筑、中国电建等基建央企，以及湖南建工、上海建工、河北建设集团等地方基建及设计企业都已铺开摊子。
国投集团、天津城投集团、北控集团、北京市政集团、中国大唐、国网信息通信产业集团、淮北矿业、新奥集团、东方雨虹、百世快运等城建投资、市政、能源、电信、建材、物流企业也已挂牌亮相。
今年“两会”期间，国家发改委主任何立峰表示，雄安新区规划纲要已基本完成，并经政治局审议，将于近期发布。未来的雄安新区将是绿色生态宜居新城区，创新驱动发展引领区，协调发展示范区，开放发展先行区。雄安新区建设将启动一批重点项目，包括水路电气及白洋淀整治等工程。
河北省委书记王东峰3月8日在十三届全国人大一次会议河北团组开放会议上也表示，要把雄安新区打造成为全国高质量发展的样板。雄安新区建设涉及雄安新区体制机制创新，承接北京非首都功能的疏解，涉及相关政策、科技创新，将是一套组合拳和系统工程。
对于雄安规划发展，听听专家怎么说：
中国社科院工业经济研究所研究员、中国区域经济学会副会长陈耀向中国证券报记者表示，雄安要做高质量发展的样板，目前阶段重点体现在建设质量上，要高标准规划、高标准建设。作为千年大计，在城市建设、重大建筑设计建设上都要有非常长远的眼光，体现世界眼光、国际标准、中国特色。
陈耀认为，产业发展上，未来高新产业、高端服务业等方面至少万亿级规模，都要有科学布局，同时需要金融支撑。雄安金融业发展也要创新模式，融资模式要有效满足需要，同时避免未来金融风险。
“此外，雄安与河北其它地区、京津冀的协同发展也要重视。雄安不能是产业封闭的孤岛式建设，而要利于辐射带动周边的发展，有效利用周边资源。也不能脱离当地产业、资源基础，而应最大程度利用符合未来雄安规划定位的已有资源进行建设。”陈耀说。
河北工业大学京津冀发展中心执行主任张贵认为，下一步雄安新区建设的重点包括如何高效地转移北京非首都功能到雄安新区，雄安新区的建设按照规划推行的过程中该如何找到产业的载体和运营。
打造高端高新产业发展核心区
河北雄安新区管委会副主任吴海军在首届中国雄安产业发展论坛上曾表示，雄安新区将按照智能、绿色、创新的方向打造一座现代化之城。
陈耀认为，“智慧之城体现在很多方面，产业上的智能化，城市规划建设管理等方面的智能化。譬如如何用智能化技术去推进交通建设，避免城市拥堵等问题。绿色之城，除了强调绿化，城市垃圾处理创新等，我认为目前重要的是，新区的建设建筑要体现绿色节能。”
科技创新方面，陈耀认为，雄安新区可以和北京实现差异化定位。从大方面来讲，北京主要作为科技创新的源头，即自主创新的源头在北京，主要科技成果转化在雄安。譬如无人驾驶，在北京做无人驾驶条件不具备，最好是在新区作前期试验，环境较为适宜。
在绿色环保方面，生态环境部环境规划院院长王金南曾表示，环境规划院正在参与编制《雄安新区生态环境保护规划》和《白洋淀生态环境治理和保护规划》，目前整个规划编制工作已基本完成，进入专家论证以及跟总体规划全面对接的阶段。
“通过坚守生态空间、系统保护修复、改善环境质量、实施绿色先导、打造智慧环保、创新体制机制6个方面，把新区建设成为绿色低碳、信息智能、宜居宜业、具有世界影响力和竞争力，人与自然和谐共生的现代化绿色新区，这是我们一个规划的基本情况。”王金南说。
在产业选择上，吴海军指出，雄安新区将以高端、高新产业为主，把握全球创新趋势和国家重大战略需求，瞄准前沿，超前布局。以前沿技术为牵引，发展跨界融合、创新活跃、产业链长、带动性强的新兴产业，布局IT、生物、数字金融等高端服务业中创新性强的领域和核心环节。
百余家企业入驻雄安新区
一年来，落户雄安新区的企业如雨后春笋，一批央企国企、高新技术企业、创新创业企业入驻。
数据显示，截至4月1日，已有100余家高端高新企业在新区核准工商注册登记，一大批战略性新兴产业项目在此汇聚，将成为未来创新雄安、科技雄安、智慧雄安的核心动力。
中国铁建公司人士向中国证券报记者表示，目前中国铁建已有15家二级单位在雄安新区设立常设机构。公司积极做好支持雄安新区建设的准备工作。依托科研、规划、勘察、设计、施工、监理、维护、运营和投融资的完整产业链优势，对地下空间开发、轨道交通等优势资源进行了内部整合，打包推广；积极做好相关配套产业支持，在新区周边筹建建筑工业化产业园区，提供物流、装配式建筑等服务。
“未来随着雄安新区规划的出台，中国铁建将全面介入，充分发挥公司轨道交通专业的规划设计建设优势、地下空间一体化规划建设优势、智慧城市建设投资运营服务优势，引入绿色、环保、高端产业，积极支持雄安新区发展。”上述人士表示。
中国船舶重工集团资产部负责人李嘉华介绍，按照雄安新区规划，将带来巨大的环保产业机遇。2017年10月，集团党组决定在雄安新区组建中船重工环境工程有限公司，注册资本10亿元，积极参与雄安新区环境综合治理工程，充分利用集团旗下“一院八所”强大的科研优势和所属工程先进的制造能力，做强做大环保产业。目前各项业务工作正在紧锣密鼓推进中。
中信集团副总经理、中信银行董事长李庆萍表示，中信集团将依托“金融+实业”优势，将中信银行等十余家核心子公司组成中信协同“联合舰队”，全方位对接服务雄安新区。
天津清智科技有限公司相关负责人表示，公司密切关注雄安在智慧交通等领域的规划布局，积极寻找机会参与雄安新区建设，希望未来清智科技生产的园区无人驾驶通勤车等产品能够行驶在雄安新区，成为新区智能交通的组成部分。
雄安新区投资机会在哪里
这一年来，雄安概念股多次爆发，一直是市场焦点。数据显示，目前，共有81只雄安新区概念股。
从行业分布看，涵盖公用事业、房地产、电气设备、建筑材料、建筑装饰、机械设备、交通运输、医药生物等逾20个子行业。其中，公用事业公司11家，建筑装饰企业11家，房地产企业8家，机械设备企业8家，这几个行业入围雄安概念股的数量远超过其他行业。
截至4月1日，数据显示，81家雄安新区概念股中，60家披露2017年年报业绩数据，其中，36家上市公司业绩同比增长，占所有已披露业绩概念股的60%，整体保持了较高的盈利性。年涨幅超过10%的概念股有16家，占概念股总数的19.75%。
分析师表示，在“绿色雄安”、“生态优先”、“高新高端”等雄安新区建设理念下，清洁能源项目、造林项目、高新技术项目成为雄安新区概念中，最为确定的投资领域。
“地热能”作为重要的清洁能源项目，是雄安新区设立以来第一个确认的具体投资领域。华泰证券研报显示，地热开发有三大核心环节：地热勘察、钻完井、供热系统设备制造。受益弹性最大的领域是钻完井业务，其次是地源热泵等设备。公司方面，中石化新星公司是主要开发者。恒泰艾普是国内地热钻完井业务的领军企业，特别是在高温地热方面技术领先，技术实力较强，旗下西油联合具有中石化供应商资格并已服务多项地热项目，有望受益雄安新区地热开发。
从年报看，多家上市公司披露中标雄安新区造林项目。如天域生态，中标雄安新区9号地块一区造林项目EPC工程。
此外，高新技术在雄安新区有序不紊地落地。2017年9月，阿里巴巴、腾讯、百度、中国电信、中国人保等48家高端、高新企业获批落户新区。中国移动日前完成雄安新区首次5G-V2X自动远程驾驶启动及行驶测试，实现了通过5G网络远程控制20公里以外的车辆完成启动加速、减速、转向等操作。
2017年业绩同比增长的雄安概念股
雄安新区成立一周年大事记
责任编辑：陈永乐
2018-04-02 10:51:05,141 INFO 标题 is市场大热沪指涨0.6%
2018-04-02 10:51:05,177 INFO .ct_hqimg {margin: 10px 0;} .hqimg_wrapper {text-align: center;} .hqimg_related {position: relative; height: 37px; overflow: hidden; background-color: #f6f6f6; text-align: center; font-size: 0; } .hqimg_related span {line-height: 37px; padding-left: 10px; color: #000; font-size: 18px; } .hqimg_related a {line-height: 37px; font-size: 15px; color: #000; } .hqimg_related .to_page {float: left; } .hqimg_related .to_page a {padding-left: 28px; } .hqimg_related .hotSe {display: inline-block; *display: inline; *zoom: 1; width: 11px; height: 11px; padding-top: 8px; background: url(//n.sinaimg.cn/780c44e8/20150702/hqimg_hot.gif) no-repeat; } .hqimg_related .hqimg_client {position: absolute; right: 25px; top: 0; padding-left: 18px; }
热点栏目
自选股 数据中心 行情中心 资金流向 模拟交易
客户端
新浪财经讯 4月2日消息，上证50指数早盘震荡走高涨近1%，地产、证券、煤炭、钢铁、保险等权重板块表现强势，创业板指数高开后持续走低，失守1900点关口，截止发稿，沪指报3188.04，涨0.60%，创指报1899.03，跌0.08%。
从盘面上看，宁德时代、海南、猪肉居板块涨幅榜前列，工业互联网、医药、农机居板块跌幅榜前列。
新浪声明：新浪网登载此文出于传递更多信息之目的，并不意味着赞同其观点或证实其描述。文章内容仅供参考，不构成投资建议。投资者据此操作，风险自担。
2018-04-02 10:51:05,178 INFO 标题 is布局蓝筹股？
2018-04-02 10:51:05,226 INFO 
2018-04-02 20:14:39,652 INFO 标题 is习近平:国有企业要尽快把杠杆降下来
2018-04-02 20:14:39,701 INFO 习近平主持召开中央财经委员会第一次会议强调
加强党中央对经济工作的集中统一领导
打好决胜全面建成小康社会三大攻坚战
李克强汪洋王沪宁韩正参加
新华社北京4月2日电中共中央总书记、国家主席、中央军委主席、中央财经委员会主任习近平4月2日下午主持召开中央财经委员会第一次会议，研究打好三大攻坚战的思路和举措，研究审定《中央财经委员会工作规则》。习近平在会上发表重要讲话强调，防范化解金融风险，事关国家安全、发展全局、人民财产安全，是实现高质量发展必须跨越的重大关口。精准脱贫攻坚战已取得阶段性进展，只能打赢打好。环境问题是全社会关注的焦点，也是全面建成小康社会能否得到人民认可的一个关键，要坚决打好打胜这场攻坚战。
中共中央政治局常委、国务院总理、中央财经委员会副主任李克强，中共中央政治局常委、中央书记处书记、中央财经委员会委员王沪宁，中共中央政治局常委、国务院副总理、中央财经委员会委员韩正出席会议。中共中央政治局常委、全国政协主席汪洋参加会议。
会议分别听取了中国人民银行关于打好防范化解重大风险攻坚战的思路和举措的汇报，国务院扶贫办关于打好精准脱贫攻坚战的思路和举措的汇报，生态环境部关于打好污染防治攻坚战的思路和举措的汇报。
会议指出，打好防范化解金融风险攻坚战，要坚持底线思维，坚持稳中求进，抓住主要矛盾。要以结构性去杠杆为基本思路，分部门、分债务类型提出不同要求，地方政府和企业特别是国有企业要尽快把杠杆降下来，努力实现宏观杠杆率稳定和逐步下降。要稳定大局，推动高质量发展，提高全要素生产率，在改革发展中解决问题。要统筹协调，形成工作合力，把握好出台政策的节奏和力度。要分类施策，根据不同领域、不同市场金融风险情况，采取差异化、有针对性的办法。要集中力量，优先处理可能威胁经济社会稳定和引发系统性风险的问题。要强化打好防范化解金融风险攻坚战的组织保障，发挥好金融稳定发展委员会重要作用。要抓紧协调建立中央和地方金融监管机制，强化地方政府属地风险处置责任。
会议强调，打好精准脱贫攻坚战，要咬定总攻目标，严格坚持现行扶贫标准，不能擅自拔高标准，也不能降低标准。要整合创新扶持政策，引导资源要素向深度贫困地区聚焦，精准施策，有效帮扶特殊贫困群体。产业扶贫要在扶持贫困地区农产品产销对接上拿出管用措施。易地搬迁扶贫要着力加强产业配套和就业安置。就业扶贫要解决劳务组织化程度低的问题。教育扶贫要突出提升义务教育质量。健康扶贫要降低贫困人口就医负担。要形成勤劳致富、脱贫光荣的良好导向。要完善督战机制，压实责任，改进考核监督，整顿脱贫攻坚作风，加强一线力量，做好风险防范。
会议指出，打好污染防治攻坚战，要明确目标任务，到2020年使主要污染物排放总量大幅减少，生态环境质量总体改善。要打几场标志性的重大战役，打赢蓝天保卫战，打好柴油货车污染治理、城市黑臭水体治理、渤海综合治理、长江保护修复、水源地保护、农业农村污染治理攻坚战，确保3年时间明显见效。要细化打好污染防治攻坚战的重大举措，尊重规律，坚持底线思维。各级党委、各部门党组（党委）要把污染防治放在各项工作的重要位置，层层抓落实，动员社会各方力量，群防群治。要坚持源头防治，调整“四个结构”，做到“四减四增”。一是要调整产业结构，减少过剩和落后产业，增加新的增长动能。二是要调整能源结构，减少煤炭消费，增加清洁能源使用。三是要调整运输结构，减少公路运输量，增加铁路运输量。四是要调整农业投入结构，减少化肥农药使用量，增加有机肥使用量。要坚持统筹兼顾、系统谋划，体现差别化，体现奖优罚劣，避免影响群众生活。
会议审议通过了《中央财经委员会工作规则》，强调要加强党中央对经济工作的集中统一领导，做好经济领域重大工作的顶层设计、总体布局、统筹协调、整体推进、督促落实。
中央财经委员会委员出席会议，中央和国家机关有关部门负责同志列席会议。（完）
责任编辑：孙剑嵩
2018-04-02 20:14:39,701 INFO 标题 is阿里收购饿了么 马云在下怎样一盘棋？
2018-04-02 20:14:39,740 INFO 95亿美元全资收购饿了么 阿里巴巴在下怎样一盘棋
本报记者 张杰 北京报道
备受业界关注的阿里巴巴全面收购饿了么事件最终尘埃落定。
4月2日一早，《华夏时报》记者从阿里巴巴集团获悉，阿里巴巴、蚂蚁金服集团与饿了么联合宣布，阿里巴巴已经签订收购协议，将联合蚂蚁金服以95亿美元对饿了么完成全资收购。
此举也是阿里巴巴新零售战略向本地生活服务的纵深拓展上获得重大突破。在多家独角兽相继布局国内上市的关键时刻，阿里巴巴敲定次收购到底意欲何为？
签署全资收购协议
面对竞争对手腾讯在零售行业持续加码下，阿里巴巴再度在零售行业布局大动作。4月2日一早，阿里巴巴、蚂蚁金服集团与饿了么联合宣布，阿里巴巴已经签订收购协议，将联合蚂蚁金服以95亿美元对饿了么完成全资收购。
据记者了解，阿里收购饿了么是中国互联网史上最大一笔全现金收购。在品牌方面，饿了么也将保持独立品牌、独立运营。阿里巴巴集团强调，饿了么将进一步得到阿里巴巴在新零售基础设施、产品、技术、组织等方面的全力支持。
对于备受关注的饿了么创始人张旭豪的去留问题，阿里巴巴也宣布了具体的去向。阿里巴巴集团CEO张勇宣布，待交易全部完成后，饿了么创始人兼CEO张旭豪将出任饿了么董事长，并兼任张勇的新零售战略特别助理，负责战略决策支持。阿里巴巴集团副总裁王磊（花名：昆阳）将出任饿了么CEO。
据了解，饿了么这一主打餐饮外卖和本地生活服务的独角兽，将与阿里新零售八路纵队全面会师。300万蜂鸟配送员的加入和数百万门店商圈的入局，将形成贯穿吃喝玩乐提升城市生活体验的关键动能。
有业内人士对记者分析说，收购饿了么之后，阿里系生态将实现完美的生活闭环，完成从新零售走向新消费的重要一步。
阿里巴巴也坦言，此次收购完成后，阿里巴巴将以餐饮作为本地生活服务的切入点，以饿了么作为本地生活服务最高频应用之一的外卖服务，结合口碑以数据技术赋能线下餐饮商家的到店服务，产生化学反应，形成对本地生活服务领域的全新拓展。
饿了么创始人张旭豪表示，藉此饿了么正式成为“超级独角兽”，这是包括阿里在内的广大资本市场对饿了么的认可。成为阿里集团一员后，饿了么与整个生态的联系会更加紧密，相互协作会更加高效，协同效应会更加显著，饿了么用户、商户和合作伙伴都将共同分享阿里生态带来的巨大红利。
对于未来的发展，阿里巴巴集团CEO张勇坦言，未来，饿了么将依托阿里集团数字经济生态的商业基础设施，与阿里众多业务产生奇妙的化学反应，成为阿里新零售战略的一支重要力量。
布更大零售局
“单点突破，纵队成形，聚力成面”，阿里用过去一年时间完成新零售三部曲，而阿里生态也将打造成为三公里理想生活圈。
据记者了解，新零售也从以消费场景为重心转向以人为核心，过去盒马在哪里、天猫智慧门店在哪里，其周围三公里就是理想生活圈，而随着天猫与苏宁、银泰、百联、大润发、居然之家等传统零售业态的空地协同加深，再加上以菜鸟、盒马、口碑、饿了么为主的从全球到本地的即时服务网络形成，未来人在哪里，其周围三公里都将成为个人专属的理想生活圈。
从体量上看，年产值30万亿的消费品市场比餐饮市场大一个数量级，这将是蜂鸟庞大的订单来源；运力利用上，接入新零售订单，将使即时配送闲时运力的利用问题得到解决，显著提升人效；在技术方面，新零售订单在时效、调度等方面均不同于餐饮外卖，其带来的变量，也将有助于蜂鸟积累更加丰富的配送数据，完善现有的配送体系，让即时配送更加“万能”。
其实，在此前的3月26日，在给高鑫零售股东的一封信中，阿里巴巴CEO、高鑫零售主席张勇已经构建出了未来阿里零售的发展格局。
“互联网世界和实体商业世界是一个世界。”在给高鑫零售股东的一封信中，阿里巴巴CEO、高鑫零售主席张勇清晰地指出，阿里过去一年并购入股和业务布局背后，新零售本质是同一个世界、同一个梦想。
资料显示，自2016年提出以“新零售”为起点的“五新”战略开始，在家电数码连锁领域天猫携手苏宁打造品牌“百亿俱乐部”；在百货商超领域，银泰商业、三江购物、高鑫零售成为重要力量；百联集团与阿里的战略合作标志着全业态融合。
同时，依靠淘宝、天猫两个新零售基座，以及包含蚂蚁金服、菜鸟网络、阿里云等在内的新商业基础设施的夯实，阿里在无人零售、智慧门店、商圈升级等方向上积极创新，更创造出盒马鲜生这样的全新零售业态。
对于阿里新零售的布局，张勇此前曾比喻为“在下一盘很大的围棋”，必须进行长短线布局，既要有实地也要取势。最重要的是，新零售要有战略、有目标、有进展、有结果。
对此，有业内人士对记者直言，此次阿里巴巴全面收购之后，饿了么成为中国O2O行业又一只“超级独角兽”。而在阿里巴巴的新零售领域，饿了么将在阿里新零售体系发挥关键作用。
持续深耕线下生活的阿里巴巴，对于新零售的未来将布怎样的发展局？对此，本报记者将持续关注。
责任编辑：孙剑嵩
2018-04-02 20:14:39,741 INFO 标题 is沪指冲高回落跌0.18%
2018-04-02 20:14:39,790 INFO .ct_hqimg {margin: 10px 0;} .hqimg_wrapper {text-align: center;} .hqimg_related {position: relative; height: 37px; overflow: hidden; background-color: #f6f6f6; text-align: center; font-size: 0; } .hqimg_related span {line-height: 37px; padding-left: 10px; color: #000; font-size: 18px; } .hqimg_related a {line-height: 37px; font-size: 15px; color: #000; } .hqimg_related .to_page {float: left; } .hqimg_related .to_page a {padding-left: 28px; } .hqimg_related .hotSe {display: inline-block; *display: inline; *zoom: 1; width: 11px; height: 11px; padding-top: 8px; background: url(//n.sinaimg.cn/780c44e8/20150702/hqimg_hot.gif) no-repeat; } .hqimg_related .hqimg_client {position: absolute; right: 25px; top: 0; padding-left: 18px; }
热点栏目
自选股 数据中心 行情中心 资金流向 模拟交易
客户端
新浪财经讯 4月2日消息，三大股指齐高开低走。早盘两市小幅高开，开盘之后指数逐渐分化，创业板冲高回落，而沪指则在权重以及黑色系板块的带动下开始逐渐回暖，资金轮动加速。临近上午收盘，两市出现分化行情，上午活跃的上证50指数则逐渐走弱，创业板指数在物联网和芯片板块的积极影响下逐步再次拉升，黑色系板块呈现震荡盘整的态势，市场整体较为活跃。午后，市场情绪转弱，赚钱效应下降。三大股指悉数走弱，盘中一度翻绿，受到白色家电、民航等板块下跌的消极影响，上证50指数持续单边下行。尾盘，经过一段时间的盘整后三大股指再度翻绿。上午，冲高的工业物联网、军工板块临近上午收盘有所回落，截止收盘，沪指报3163.18，跌0.18%；深成指报10852.95，跌0.14%；创指报1900.25，跌0.01%。
从盘面上看，宁德时代概念、芯片、海南居板块涨幅榜前列，机场航运、水泥、造纸板块跌幅榜前列。
新浪财经首席评论员老艾[微博]表示， 距离清明小长假还有两个交易日，后面两天不会有太大的行情，不用加太多仓位了，每逢过节的时候，都应该给自己留有余地，毕竟近期外盘波动比较大，消息面比较密集。如果仓位比较重的话，也可以适当降一降。中庸的办法是半仓过节，进可攻退可守，是一个相对灵活的策略。(阅读全文)
热点板块：
受“中美贸易战近日持续发酵”等影响，芯片板块大涨，有研新材、友讯达、紫光股份、必创科技、北京君正、润欣科技等多只个股大涨。
受“锂电龙头宁德时代本周三（4月4日）上会”等影响，宁德时代概念板块大涨，天华超净，华自科技、华西股份、越秀金控、雪莱特、星云股份、双环传动均纷纷走强。
消息面：
1、财政部近日下发通知，对创业担保贷款工作进一步加大政策支持力度，加强财政贴息资金管理，提高资金使用效益。
2、美国政府官员称，政府将于本周公布针对中国对美出口产品的关税清单，该清单基本面向高新技术产品，对应出口额500至600亿美元，将在约2个月后正式生效。
3、2018年4月1日起，银行业金融机构、支付机构开展条码支付业务涉及跨行交易时，应当通过人民银行跨行清算系统或者具备合法资质的清算机构处理。
4、我国重卡市场共约销售各类车型13.2万辆，比去年同期的11.46万辆增长15%，刷新了历史纪录。
5、报道称，房地产门户网站居外网已与中国京东签署了一项协议，向中国大陆买家推销海外物业。
6、万达官网的信息显示，万达集团旗下的四大业务集团，由此前的商业、文化、金融、网科，悄然变更为商管、文化、地产、金融。
7、阿里巴巴、蚂蚁金服与饿了么联合宣布，阿里巴巴已经签订收购协议，将联合蚂蚁金服以95亿美元对饿了么完成全资收购。
后市前瞻：
巨丰投顾认为，创业板向好势头延续，短期在前高附近小有压力，若能洗盘回调将会促使创业板更上一层楼。因此，短期需要谨防指数的反复，尤其是创业板回落洗盘动作，一旦出现，可继续跟踪近期政策和基本面多重利好的芯片、集成电路等概念板块。
中证投资认为，进入4月份，A股迎来上市公司年报、一季报的集中披露时期，需要关注外资及社保基金的最新持仓将会随着年报和一季报浮出水面，在紧跟大资金动向的基础上，选择估值合理、成长性高的细分行业龙头将成为投资者选股工作的重中之重。
2018-04-02 20:14:39,791 INFO 标题 is布局蓝筹股？
2018-04-02 20:14:39,816 INFO 
2018-04-02 20:19:33,168 INFO 标题:	习近平:国有企业要尽快把杠杆降下来 url: 	http://finance.sina.com.cn/china/hgjj/2018-04-02/doc-ifysvuvq4369120.shtml
2018-04-02 20:19:33,202 INFO 习近平主持召开中央财经委员会第一次会议强调
加强党中央对经济工作的集中统一领导
打好决胜全面建成小康社会三大攻坚战
李克强汪洋王沪宁韩正参加
新华社北京4月2日电中共中央总书记、国家主席、中央军委主席、中央财经委员会主任习近平4月2日下午主持召开中央财经委员会第一次会议，研究打好三大攻坚战的思路和举措，研究审定《中央财经委员会工作规则》。习近平在会上发表重要讲话强调，防范化解金融风险，事关国家安全、发展全局、人民财产安全，是实现高质量发展必须跨越的重大关口。精准脱贫攻坚战已取得阶段性进展，只能打赢打好。环境问题是全社会关注的焦点，也是全面建成小康社会能否得到人民认可的一个关键，要坚决打好打胜这场攻坚战。
中共中央政治局常委、国务院总理、中央财经委员会副主任李克强，中共中央政治局常委、中央书记处书记、中央财经委员会委员王沪宁，中共中央政治局常委、国务院副总理、中央财经委员会委员韩正出席会议。中共中央政治局常委、全国政协主席汪洋参加会议。
会议分别听取了中国人民银行关于打好防范化解重大风险攻坚战的思路和举措的汇报，国务院扶贫办关于打好精准脱贫攻坚战的思路和举措的汇报，生态环境部关于打好污染防治攻坚战的思路和举措的汇报。
会议指出，打好防范化解金融风险攻坚战，要坚持底线思维，坚持稳中求进，抓住主要矛盾。要以结构性去杠杆为基本思路，分部门、分债务类型提出不同要求，地方政府和企业特别是国有企业要尽快把杠杆降下来，努力实现宏观杠杆率稳定和逐步下降。要稳定大局，推动高质量发展，提高全要素生产率，在改革发展中解决问题。要统筹协调，形成工作合力，把握好出台政策的节奏和力度。要分类施策，根据不同领域、不同市场金融风险情况，采取差异化、有针对性的办法。要集中力量，优先处理可能威胁经济社会稳定和引发系统性风险的问题。要强化打好防范化解金融风险攻坚战的组织保障，发挥好金融稳定发展委员会重要作用。要抓紧协调建立中央和地方金融监管机制，强化地方政府属地风险处置责任。
会议强调，打好精准脱贫攻坚战，要咬定总攻目标，严格坚持现行扶贫标准，不能擅自拔高标准，也不能降低标准。要整合创新扶持政策，引导资源要素向深度贫困地区聚焦，精准施策，有效帮扶特殊贫困群体。产业扶贫要在扶持贫困地区农产品产销对接上拿出管用措施。易地搬迁扶贫要着力加强产业配套和就业安置。就业扶贫要解决劳务组织化程度低的问题。教育扶贫要突出提升义务教育质量。健康扶贫要降低贫困人口就医负担。要形成勤劳致富、脱贫光荣的良好导向。要完善督战机制，压实责任，改进考核监督，整顿脱贫攻坚作风，加强一线力量，做好风险防范。
会议指出，打好污染防治攻坚战，要明确目标任务，到2020年使主要污染物排放总量大幅减少，生态环境质量总体改善。要打几场标志性的重大战役，打赢蓝天保卫战，打好柴油货车污染治理、城市黑臭水体治理、渤海综合治理、长江保护修复、水源地保护、农业农村污染治理攻坚战，确保3年时间明显见效。要细化打好污染防治攻坚战的重大举措，尊重规律，坚持底线思维。各级党委、各部门党组（党委）要把污染防治放在各项工作的重要位置，层层抓落实，动员社会各方力量，群防群治。要坚持源头防治，调整“四个结构”，做到“四减四增”。一是要调整产业结构，减少过剩和落后产业，增加新的增长动能。二是要调整能源结构，减少煤炭消费，增加清洁能源使用。三是要调整运输结构，减少公路运输量，增加铁路运输量。四是要调整农业投入结构，减少化肥农药使用量，增加有机肥使用量。要坚持统筹兼顾、系统谋划，体现差别化，体现奖优罚劣，避免影响群众生活。
会议审议通过了《中央财经委员会工作规则》，强调要加强党中央对经济工作的集中统一领导，做好经济领域重大工作的顶层设计、总体布局、统筹协调、整体推进、督促落实。
中央财经委员会委员出席会议，中央和国家机关有关部门负责同志列席会议。（完）
责任编辑：孙剑嵩
2018-04-02 20:19:33,202 INFO 标题:	阿里收购饿了么 马云在下怎样一盘棋？ url: 	http://finance.sina.com.cn/chanjing/gsnews/2018-04-02/doc-ifysvpys6555189.shtml
2018-04-02 20:19:33,235 INFO 95亿美元全资收购饿了么 阿里巴巴在下怎样一盘棋
本报记者 张杰 北京报道
备受业界关注的阿里巴巴全面收购饿了么事件最终尘埃落定。
4月2日一早，《华夏时报》记者从阿里巴巴集团获悉，阿里巴巴、蚂蚁金服集团与饿了么联合宣布，阿里巴巴已经签订收购协议，将联合蚂蚁金服以95亿美元对饿了么完成全资收购。
此举也是阿里巴巴新零售战略向本地生活服务的纵深拓展上获得重大突破。在多家独角兽相继布局国内上市的关键时刻，阿里巴巴敲定次收购到底意欲何为？
签署全资收购协议
面对竞争对手腾讯在零售行业持续加码下，阿里巴巴再度在零售行业布局大动作。4月2日一早，阿里巴巴、蚂蚁金服集团与饿了么联合宣布，阿里巴巴已经签订收购协议，将联合蚂蚁金服以95亿美元对饿了么完成全资收购。
据记者了解，阿里收购饿了么是中国互联网史上最大一笔全现金收购。在品牌方面，饿了么也将保持独立品牌、独立运营。阿里巴巴集团强调，饿了么将进一步得到阿里巴巴在新零售基础设施、产品、技术、组织等方面的全力支持。
对于备受关注的饿了么创始人张旭豪的去留问题，阿里巴巴也宣布了具体的去向。阿里巴巴集团CEO张勇宣布，待交易全部完成后，饿了么创始人兼CEO张旭豪将出任饿了么董事长，并兼任张勇的新零售战略特别助理，负责战略决策支持。阿里巴巴集团副总裁王磊（花名：昆阳）将出任饿了么CEO。
据了解，饿了么这一主打餐饮外卖和本地生活服务的独角兽，将与阿里新零售八路纵队全面会师。300万蜂鸟配送员的加入和数百万门店商圈的入局，将形成贯穿吃喝玩乐提升城市生活体验的关键动能。
有业内人士对记者分析说，收购饿了么之后，阿里系生态将实现完美的生活闭环，完成从新零售走向新消费的重要一步。
阿里巴巴也坦言，此次收购完成后，阿里巴巴将以餐饮作为本地生活服务的切入点，以饿了么作为本地生活服务最高频应用之一的外卖服务，结合口碑以数据技术赋能线下餐饮商家的到店服务，产生化学反应，形成对本地生活服务领域的全新拓展。
饿了么创始人张旭豪表示，藉此饿了么正式成为“超级独角兽”，这是包括阿里在内的广大资本市场对饿了么的认可。成为阿里集团一员后，饿了么与整个生态的联系会更加紧密，相互协作会更加高效，协同效应会更加显著，饿了么用户、商户和合作伙伴都将共同分享阿里生态带来的巨大红利。
对于未来的发展，阿里巴巴集团CEO张勇坦言，未来，饿了么将依托阿里集团数字经济生态的商业基础设施，与阿里众多业务产生奇妙的化学反应，成为阿里新零售战略的一支重要力量。
布更大零售局
“单点突破，纵队成形，聚力成面”，阿里用过去一年时间完成新零售三部曲，而阿里生态也将打造成为三公里理想生活圈。
据记者了解，新零售也从以消费场景为重心转向以人为核心，过去盒马在哪里、天猫智慧门店在哪里，其周围三公里就是理想生活圈，而随着天猫与苏宁、银泰、百联、大润发、居然之家等传统零售业态的空地协同加深，再加上以菜鸟、盒马、口碑、饿了么为主的从全球到本地的即时服务网络形成，未来人在哪里，其周围三公里都将成为个人专属的理想生活圈。
从体量上看，年产值30万亿的消费品市场比餐饮市场大一个数量级，这将是蜂鸟庞大的订单来源；运力利用上，接入新零售订单，将使即时配送闲时运力的利用问题得到解决，显著提升人效；在技术方面，新零售订单在时效、调度等方面均不同于餐饮外卖，其带来的变量，也将有助于蜂鸟积累更加丰富的配送数据，完善现有的配送体系，让即时配送更加“万能”。
其实，在此前的3月26日，在给高鑫零售股东的一封信中，阿里巴巴CEO、高鑫零售主席张勇已经构建出了未来阿里零售的发展格局。
“互联网世界和实体商业世界是一个世界。”在给高鑫零售股东的一封信中，阿里巴巴CEO、高鑫零售主席张勇清晰地指出，阿里过去一年并购入股和业务布局背后，新零售本质是同一个世界、同一个梦想。
资料显示，自2016年提出以“新零售”为起点的“五新”战略开始，在家电数码连锁领域天猫携手苏宁打造品牌“百亿俱乐部”；在百货商超领域，银泰商业、三江购物、高鑫零售成为重要力量；百联集团与阿里的战略合作标志着全业态融合。
同时，依靠淘宝、天猫两个新零售基座，以及包含蚂蚁金服、菜鸟网络、阿里云等在内的新商业基础设施的夯实，阿里在无人零售、智慧门店、商圈升级等方向上积极创新，更创造出盒马鲜生这样的全新零售业态。
对于阿里新零售的布局，张勇此前曾比喻为“在下一盘很大的围棋”，必须进行长短线布局，既要有实地也要取势。最重要的是，新零售要有战略、有目标、有进展、有结果。
对此，有业内人士对记者直言，此次阿里巴巴全面收购之后，饿了么成为中国O2O行业又一只“超级独角兽”。而在阿里巴巴的新零售领域，饿了么将在阿里新零售体系发挥关键作用。
持续深耕线下生活的阿里巴巴，对于新零售的未来将布怎样的发展局？对此，本报记者将持续关注。
责任编辑：孙剑嵩
2018-04-02 20:19:33,235 INFO 标题:	沪指冲高回落跌0.18% url: 	http://finance.sina.com.cn/stock/gujiayidong/2018-04-02/doc-ifysvpnz7176704.shtml
2018-04-02 20:19:33,293 INFO .ct_hqimg {margin: 10px 0;} .hqimg_wrapper {text-align: center;} .hqimg_related {position: relative; height: 37px; overflow: hidden; background-color: #f6f6f6; text-align: center; font-size: 0; } .hqimg_related span {line-height: 37px; padding-left: 10px; color: #000; font-size: 18px; } .hqimg_related a {line-height: 37px; font-size: 15px; color: #000; } .hqimg_related .to_page {float: left; } .hqimg_related .to_page a {padding-left: 28px; } .hqimg_related .hotSe {display: inline-block; *display: inline; *zoom: 1; width: 11px; height: 11px; padding-top: 8px; background: url(//n.sinaimg.cn/780c44e8/20150702/hqimg_hot.gif) no-repeat; } .hqimg_related .hqimg_client {position: absolute; right: 25px; top: 0; padding-left: 18px; }
热点栏目
自选股 数据中心 行情中心 资金流向 模拟交易
客户端
新浪财经讯 4月2日消息，三大股指齐高开低走。早盘两市小幅高开，开盘之后指数逐渐分化，创业板冲高回落，而沪指则在权重以及黑色系板块的带动下开始逐渐回暖，资金轮动加速。临近上午收盘，两市出现分化行情，上午活跃的上证50指数则逐渐走弱，创业板指数在物联网和芯片板块的积极影响下逐步再次拉升，黑色系板块呈现震荡盘整的态势，市场整体较为活跃。午后，市场情绪转弱，赚钱效应下降。三大股指悉数走弱，盘中一度翻绿，受到白色家电、民航等板块下跌的消极影响，上证50指数持续单边下行。尾盘，经过一段时间的盘整后三大股指再度翻绿。上午，冲高的工业物联网、军工板块临近上午收盘有所回落，截止收盘，沪指报3163.18，跌0.18%；深成指报10852.95，跌0.14%；创指报1900.25，跌0.01%。
从盘面上看，宁德时代概念、芯片、海南居板块涨幅榜前列，机场航运、水泥、造纸板块跌幅榜前列。
新浪财经首席评论员老艾[微博]表示， 距离清明小长假还有两个交易日，后面两天不会有太大的行情，不用加太多仓位了，每逢过节的时候，都应该给自己留有余地，毕竟近期外盘波动比较大，消息面比较密集。如果仓位比较重的话，也可以适当降一降。中庸的办法是半仓过节，进可攻退可守，是一个相对灵活的策略。(阅读全文)
热点板块：
受“中美贸易战近日持续发酵”等影响，芯片板块大涨，有研新材、友讯达、紫光股份、必创科技、北京君正、润欣科技等多只个股大涨。
受“锂电龙头宁德时代本周三（4月4日）上会”等影响，宁德时代概念板块大涨，天华超净，华自科技、华西股份、越秀金控、雪莱特、星云股份、双环传动均纷纷走强。
消息面：
1、财政部近日下发通知，对创业担保贷款工作进一步加大政策支持力度，加强财政贴息资金管理，提高资金使用效益。
2、美国政府官员称，政府将于本周公布针对中国对美出口产品的关税清单，该清单基本面向高新技术产品，对应出口额500至600亿美元，将在约2个月后正式生效。
3、2018年4月1日起，银行业金融机构、支付机构开展条码支付业务涉及跨行交易时，应当通过人民银行跨行清算系统或者具备合法资质的清算机构处理。
4、我国重卡市场共约销售各类车型13.2万辆，比去年同期的11.46万辆增长15%，刷新了历史纪录。
5、报道称，房地产门户网站居外网已与中国京东签署了一项协议，向中国大陆买家推销海外物业。
6、万达官网的信息显示，万达集团旗下的四大业务集团，由此前的商业、文化、金融、网科，悄然变更为商管、文化、地产、金融。
7、阿里巴巴、蚂蚁金服与饿了么联合宣布，阿里巴巴已经签订收购协议，将联合蚂蚁金服以95亿美元对饿了么完成全资收购。
后市前瞻：
巨丰投顾认为，创业板向好势头延续，短期在前高附近小有压力，若能洗盘回调将会促使创业板更上一层楼。因此，短期需要谨防指数的反复，尤其是创业板回落洗盘动作，一旦出现，可继续跟踪近期政策和基本面多重利好的芯片、集成电路等概念板块。
中证投资认为，进入4月份，A股迎来上市公司年报、一季报的集中披露时期，需要关注外资及社保基金的最新持仓将会随着年报和一季报浮出水面，在紧跟大资金动向的基础上，选择估值合理、成长性高的细分行业龙头将成为投资者选股工作的重中之重。
2018-04-02 20:19:33,294 INFO 标题:	布局蓝筹股？ url: 	http://live.finance.sina.com.cn/
2018-04-02 20:19:33,336 INFO 
